2020-04-19 12:43:11,995 ----------------------------------------------------------------------------------------------------
2020-04-19 12:43:11,995 Model: "SequenceTagger(
  (embeddings): StackedEmbeddings(
    (list_embedding_0): FlairEmbeddings(
      (lm): LanguageModel(
        (drop): Dropout(p=0.25, inplace=False)
        (encoder): Embedding(275, 100)
        (rnn): LSTM(100, 1024)
        (decoder): Linear(in_features=1024, out_features=275, bias=True)
      )
    )
    (list_embedding_1): FlairEmbeddings(
      (lm): LanguageModel(
        (drop): Dropout(p=0.25, inplace=False)
        (encoder): Embedding(275, 100)
        (rnn): LSTM(100, 1024)
        (decoder): Linear(in_features=1024, out_features=275, bias=True)
      )
    )
  )
  (word_dropout): WordDropout(p=0.05)
  (locked_dropout): LockedDropout(p=0.5)
  (embedding2nn): Linear(in_features=2048, out_features=2048, bias=True)
  (rnn): LSTM(2048, 256, batch_first=True, bidirectional=True)
  (linear): Linear(in_features=512, out_features=21, bias=True)
  (beta): 1.0
  (weights): None
  (weight_tensor) None
)"
2020-04-19 12:43:11,995 ----------------------------------------------------------------------------------------------------
2020-04-19 12:43:11,995 Corpus: "Corpus: 3753 train + 890 dev + 890 test sentences"
2020-04-19 12:43:11,995 ----------------------------------------------------------------------------------------------------
2020-04-19 12:43:11,995 Parameters:
2020-04-19 12:43:11,995  - learning_rate: "1"
2020-04-19 12:43:11,995  - mini_batch_size: "32"
2020-04-19 12:43:11,995  - patience: "1"
2020-04-19 12:43:11,995  - anneal_factor: "0.5"
2020-04-19 12:43:11,995  - max_epochs: "100"
2020-04-19 12:43:11,996  - shuffle: "True"
2020-04-19 12:43:11,996  - train_with_dev: "False"
2020-04-19 12:43:11,996  - batch_growth_annealing: "False"
2020-04-19 12:43:11,996 ----------------------------------------------------------------------------------------------------
2020-04-19 12:43:11,996 Model training base path: "./"
2020-04-19 12:43:11,996 ----------------------------------------------------------------------------------------------------
2020-04-19 12:43:11,996 Device: cpu
2020-04-19 12:43:11,996 ----------------------------------------------------------------------------------------------------
2020-04-19 12:43:11,996 Embeddings storage mode: cpu
2020-04-19 12:43:11,996 ----------------------------------------------------------------------------------------------------
2020-04-19 12:43:35,726 epoch 1 - iter 11/118 - loss 19.29343271 - samples/sec: 14.84
2020-04-19 12:44:08,924 epoch 1 - iter 22/118 - loss 13.30116803 - samples/sec: 10.61
2020-04-19 12:44:32,818 epoch 1 - iter 33/118 - loss 10.62516257 - samples/sec: 14.74
2020-04-19 12:45:02,209 epoch 1 - iter 44/118 - loss 9.16709121 - samples/sec: 11.98
2020-04-19 12:45:30,306 epoch 1 - iter 55/118 - loss 8.29560433 - samples/sec: 12.54
2020-04-19 12:45:59,815 epoch 1 - iter 66/118 - loss 7.74855416 - samples/sec: 11.94
2020-04-19 12:46:27,476 epoch 1 - iter 77/118 - loss 7.48113030 - samples/sec: 12.73
2020-04-19 12:46:59,766 epoch 1 - iter 88/118 - loss 7.21490338 - samples/sec: 10.91
2020-04-19 12:47:58,769 epoch 1 - iter 99/118 - loss 6.94927967 - samples/sec: 5.97
2020-04-19 12:48:32,044 epoch 1 - iter 110/118 - loss 6.71906439 - samples/sec: 10.58
2020-04-19 12:48:53,762 ----------------------------------------------------------------------------------------------------
2020-04-19 12:48:53,763 EPOCH 1 done: loss 6.6485 - lr 1.0000
2020-04-19 12:50:17,991 DEV : loss 3.715195417404175 - score 0.9473
2020-04-19 12:51:28,149 TEST : loss 3.715195417404175 - score 0.9473
2020-04-19 12:51:28,364 BAD EPOCHS (no improvement): 0
2020-04-19 12:51:28,734 ----------------------------------------------------------------------------------------------------
2020-04-19 12:51:32,299 epoch 2 - iter 11/118 - loss 4.93461392 - samples/sec: 98.87
2020-04-19 12:51:35,401 epoch 2 - iter 22/118 - loss 4.68529460 - samples/sec: 114.00
2020-04-19 12:51:38,759 epoch 2 - iter 33/118 - loss 4.69403112 - samples/sec: 105.33
2020-04-19 12:51:42,118 epoch 2 - iter 44/118 - loss 4.87903535 - samples/sec: 105.39
2020-04-19 12:51:45,280 epoch 2 - iter 55/118 - loss 4.75299351 - samples/sec: 111.96
2020-04-19 12:51:49,017 epoch 2 - iter 66/118 - loss 4.83216510 - samples/sec: 94.57
2020-04-19 12:51:53,165 epoch 2 - iter 77/118 - loss 4.87007502 - samples/sec: 85.11
2020-04-19 12:51:56,379 epoch 2 - iter 88/118 - loss 4.88860192 - samples/sec: 109.97
2020-04-19 12:51:59,852 epoch 2 - iter 99/118 - loss 4.85645683 - samples/sec: 101.72
2020-04-19 12:52:03,447 epoch 2 - iter 110/118 - loss 4.86100694 - samples/sec: 98.27
2020-04-19 12:52:05,925 ----------------------------------------------------------------------------------------------------
2020-04-19 12:52:05,926 EPOCH 2 done: loss 4.8079 - lr 1.0000
2020-04-19 12:52:38,537 DEV : loss 2.815412759780884 - score 0.9545
2020-04-19 12:52:44,349 TEST : loss 2.815412759780884 - score 0.9545
2020-04-19 12:52:44,460 BAD EPOCHS (no improvement): 0
2020-04-19 12:52:44,884 ----------------------------------------------------------------------------------------------------
2020-04-19 12:52:48,578 epoch 3 - iter 11/118 - loss 4.48345252 - samples/sec: 95.38
2020-04-19 12:52:51,780 epoch 3 - iter 22/118 - loss 4.51840836 - samples/sec: 110.47
2020-04-19 12:52:55,559 epoch 3 - iter 33/118 - loss 4.46651570 - samples/sec: 93.47
2020-04-19 12:52:59,432 epoch 3 - iter 44/118 - loss 4.49334347 - samples/sec: 91.30
2020-04-19 12:53:03,156 epoch 3 - iter 55/118 - loss 4.48837556 - samples/sec: 94.85
2020-04-19 12:53:07,012 epoch 3 - iter 66/118 - loss 4.46152463 - samples/sec: 91.66
2020-04-19 12:53:09,968 epoch 3 - iter 77/118 - loss 4.46217725 - samples/sec: 119.54
2020-04-19 12:53:13,357 epoch 3 - iter 88/118 - loss 4.51054507 - samples/sec: 104.28
2020-04-19 12:53:16,570 epoch 3 - iter 99/118 - loss 4.56642048 - samples/sec: 110.11
2020-04-19 12:53:20,243 epoch 3 - iter 110/118 - loss 4.55312628 - samples/sec: 96.38
2020-04-19 12:53:22,046 ----------------------------------------------------------------------------------------------------
2020-04-19 12:53:22,047 EPOCH 3 done: loss 4.5461 - lr 1.0000
2020-04-19 12:53:55,988 DEV : loss 3.57763934135437 - score 0.952
2020-04-19 12:54:02,558 TEST : loss 3.57763934135437 - score 0.952
2020-04-19 12:54:02,638 BAD EPOCHS (no improvement): 1
2020-04-19 12:54:02,889 ----------------------------------------------------------------------------------------------------
2020-04-19 12:54:06,175 epoch 4 - iter 11/118 - loss 5.04414255 - samples/sec: 107.22
2020-04-19 12:54:09,681 epoch 4 - iter 22/118 - loss 4.66636405 - samples/sec: 100.89
2020-04-19 12:54:12,902 epoch 4 - iter 33/118 - loss 4.64370905 - samples/sec: 109.84
2020-04-19 12:54:16,378 epoch 4 - iter 44/118 - loss 4.57292451 - samples/sec: 101.62
2020-04-19 12:54:19,270 epoch 4 - iter 55/118 - loss 4.63238510 - samples/sec: 122.27
2020-04-19 12:54:22,088 epoch 4 - iter 66/118 - loss 4.61770511 - samples/sec: 125.64
2020-04-19 12:54:26,548 epoch 4 - iter 77/118 - loss 4.59281304 - samples/sec: 79.30
2020-04-19 12:54:31,028 epoch 4 - iter 88/118 - loss 4.65786255 - samples/sec: 78.81
2020-04-19 12:54:33,968 epoch 4 - iter 99/118 - loss 4.59397447 - samples/sec: 120.39
2020-04-19 12:54:36,936 epoch 4 - iter 110/118 - loss 4.52240784 - samples/sec: 119.16
2020-04-19 12:54:38,968 ----------------------------------------------------------------------------------------------------
2020-04-19 12:54:38,969 EPOCH 4 done: loss 4.5100 - lr 1.0000
2020-04-19 12:55:13,470 DEV : loss 3.7749743461608887 - score 0.9484
2020-04-19 12:55:18,829 TEST : loss 3.7749743461608887 - score 0.9484
2020-04-19 12:55:18,906 BAD EPOCHS (no improvement): 2
2020-04-19 12:55:19,178 ----------------------------------------------------------------------------------------------------
2020-04-19 12:55:21,837 epoch 5 - iter 11/118 - loss 3.93731145 - samples/sec: 132.52
2020-04-19 12:55:25,553 epoch 5 - iter 22/118 - loss 4.01658351 - samples/sec: 95.19
2020-04-19 12:55:29,202 epoch 5 - iter 33/118 - loss 4.02757762 - samples/sec: 96.82
2020-04-19 12:55:32,638 epoch 5 - iter 44/118 - loss 3.91279178 - samples/sec: 102.85
2020-04-19 12:55:36,451 epoch 5 - iter 55/118 - loss 3.98765232 - samples/sec: 92.70
2020-04-19 12:55:40,263 epoch 5 - iter 66/118 - loss 4.00713659 - samples/sec: 92.63
2020-04-19 12:55:43,045 epoch 5 - iter 77/118 - loss 3.89869654 - samples/sec: 127.15
2020-04-19 12:55:46,330 epoch 5 - iter 88/118 - loss 3.92525468 - samples/sec: 107.63
2020-04-19 12:55:49,243 epoch 5 - iter 99/118 - loss 3.92985289 - samples/sec: 121.59
2020-04-19 12:55:52,560 epoch 5 - iter 110/118 - loss 3.88636490 - samples/sec: 106.51
2020-04-19 12:55:55,944 ----------------------------------------------------------------------------------------------------
2020-04-19 12:55:55,945 EPOCH 5 done: loss 3.8824 - lr 0.5000
2020-04-19 12:56:30,887 DEV : loss 2.316938877105713 - score 0.9618
2020-04-19 12:56:37,059 TEST : loss 2.316938877105713 - score 0.9618
2020-04-19 12:56:37,160 BAD EPOCHS (no improvement): 0
2020-04-19 12:56:37,624 ----------------------------------------------------------------------------------------------------
2020-04-19 12:56:41,067 epoch 6 - iter 11/118 - loss 3.52989772 - samples/sec: 102.35
2020-04-19 12:56:44,188 epoch 6 - iter 22/118 - loss 3.62907417 - samples/sec: 113.46
2020-04-19 12:56:47,905 epoch 6 - iter 33/118 - loss 3.64019469 - samples/sec: 95.03
2020-04-19 12:56:50,485 epoch 6 - iter 44/118 - loss 3.50826828 - samples/sec: 137.21
2020-04-19 12:56:54,385 epoch 6 - iter 55/118 - loss 3.56516380 - samples/sec: 90.55
2020-04-19 12:56:57,893 epoch 6 - iter 66/118 - loss 3.60693409 - samples/sec: 101.01
2020-04-19 12:57:02,143 epoch 6 - iter 77/118 - loss 3.62604588 - samples/sec: 83.05
2020-04-19 12:57:05,650 epoch 6 - iter 88/118 - loss 3.61986565 - samples/sec: 100.84
2020-04-19 12:57:09,199 epoch 6 - iter 99/118 - loss 3.59558253 - samples/sec: 99.54
2020-04-19 12:57:12,848 epoch 6 - iter 110/118 - loss 3.62982929 - samples/sec: 96.83
2020-04-19 12:57:15,258 ----------------------------------------------------------------------------------------------------
2020-04-19 12:57:15,258 EPOCH 6 done: loss 3.6486 - lr 0.5000
2020-04-19 12:57:50,902 DEV : loss 2.377763271331787 - score 0.9622
2020-04-19 12:57:57,312 TEST : loss 2.377763271331787 - score 0.9622
2020-04-19 12:57:57,386 BAD EPOCHS (no improvement): 0
2020-04-19 12:57:57,740 ----------------------------------------------------------------------------------------------------
2020-04-19 12:58:01,385 epoch 7 - iter 11/118 - loss 3.44772129 - samples/sec: 96.65
2020-04-19 12:58:06,222 epoch 7 - iter 22/118 - loss 3.69846510 - samples/sec: 73.09
2020-04-19 12:58:10,021 epoch 7 - iter 33/118 - loss 3.68588452 - samples/sec: 93.09
2020-04-19 12:58:13,718 epoch 7 - iter 44/118 - loss 3.51378737 - samples/sec: 95.53
2020-04-19 12:58:19,801 epoch 7 - iter 55/118 - loss 3.53170052 - samples/sec: 58.03
2020-04-19 12:58:23,486 epoch 7 - iter 66/118 - loss 3.52679669 - samples/sec: 95.98
2020-04-19 12:58:27,710 epoch 7 - iter 77/118 - loss 3.51674086 - samples/sec: 83.58
2020-04-19 12:58:31,081 epoch 7 - iter 88/118 - loss 3.52940586 - samples/sec: 104.81
2020-04-19 12:58:34,209 epoch 7 - iter 99/118 - loss 3.48782312 - samples/sec: 113.35
2020-04-19 12:58:37,175 epoch 7 - iter 110/118 - loss 3.51314155 - samples/sec: 119.20
2020-04-19 12:58:39,577 ----------------------------------------------------------------------------------------------------
2020-04-19 12:58:39,577 EPOCH 7 done: loss 3.5053 - lr 0.5000
2020-04-19 12:59:13,352 DEV : loss 2.908421277999878 - score 0.9544
2020-04-19 12:59:18,911 TEST : loss 2.908421277999878 - score 0.9544
2020-04-19 12:59:18,983 BAD EPOCHS (no improvement): 1
2020-04-19 12:59:19,230 ----------------------------------------------------------------------------------------------------
2020-04-19 12:59:22,296 epoch 8 - iter 11/118 - loss 3.25908061 - samples/sec: 114.91
2020-04-19 12:59:25,513 epoch 8 - iter 22/118 - loss 3.31891992 - samples/sec: 109.99
2020-04-19 12:59:29,074 epoch 8 - iter 33/118 - loss 3.31169273 - samples/sec: 99.19
2020-04-19 12:59:32,158 epoch 8 - iter 44/118 - loss 3.30020938 - samples/sec: 114.78
2020-04-19 12:59:35,498 epoch 8 - iter 55/118 - loss 3.38918627 - samples/sec: 105.77
2020-04-19 12:59:39,831 epoch 8 - iter 66/118 - loss 3.38461103 - samples/sec: 81.56
2020-04-19 12:59:43,072 epoch 8 - iter 77/118 - loss 3.35553137 - samples/sec: 109.49
2020-04-19 12:59:46,826 epoch 8 - iter 88/118 - loss 3.39836699 - samples/sec: 94.11
2020-04-19 12:59:49,994 epoch 8 - iter 99/118 - loss 3.44660100 - samples/sec: 111.73
2020-04-19 12:59:53,732 epoch 8 - iter 110/118 - loss 3.49807787 - samples/sec: 94.51
2020-04-19 12:59:56,031 ----------------------------------------------------------------------------------------------------
2020-04-19 12:59:56,031 EPOCH 8 done: loss 3.5852 - lr 0.5000
2020-04-19 13:00:35,672 DEV : loss 3.0942435264587402 - score 0.9515
2020-04-19 13:00:41,338 TEST : loss 3.0942435264587402 - score 0.9515
2020-04-19 13:00:41,408 BAD EPOCHS (no improvement): 2
2020-04-19 13:00:41,656 ----------------------------------------------------------------------------------------------------
2020-04-19 13:00:44,558 epoch 9 - iter 11/118 - loss 3.22213132 - samples/sec: 121.42
2020-04-19 13:00:47,757 epoch 9 - iter 22/118 - loss 3.25468952 - samples/sec: 111.05
2020-04-19 13:00:51,275 epoch 9 - iter 33/118 - loss 3.30751985 - samples/sec: 100.39
2020-04-19 13:00:55,410 epoch 9 - iter 44/118 - loss 3.34232439 - samples/sec: 85.39
2020-04-19 13:00:59,697 epoch 9 - iter 55/118 - loss 3.33278550 - samples/sec: 82.35
2020-04-19 13:01:04,069 epoch 9 - iter 66/118 - loss 3.34476372 - samples/sec: 80.82
2020-04-19 13:01:07,533 epoch 9 - iter 77/118 - loss 3.33575014 - samples/sec: 102.16
2020-04-19 13:01:10,092 epoch 9 - iter 88/118 - loss 3.36253798 - samples/sec: 138.23
2020-04-19 13:01:13,320 epoch 9 - iter 99/118 - loss 3.33727236 - samples/sec: 109.44
2020-04-19 13:01:16,251 epoch 9 - iter 110/118 - loss 3.33094851 - samples/sec: 120.62
2020-04-19 13:01:18,397 ----------------------------------------------------------------------------------------------------
2020-04-19 13:01:18,398 EPOCH 9 done: loss 3.3083 - lr 0.2500
2020-04-19 13:01:51,856 DEV : loss 2.2212462425231934 - score 0.962
2020-04-19 13:01:59,924 TEST : loss 2.2212462425231934 - score 0.962
2020-04-19 13:02:00,001 BAD EPOCHS (no improvement): 1
2020-04-19 13:02:00,276 ----------------------------------------------------------------------------------------------------
2020-04-19 13:02:03,744 epoch 10 - iter 11/118 - loss 3.24285839 - samples/sec: 101.62
2020-04-19 13:02:07,547 epoch 10 - iter 22/118 - loss 3.38030903 - samples/sec: 92.88
2020-04-19 13:02:11,084 epoch 10 - iter 33/118 - loss 3.43654677 - samples/sec: 99.92
2020-04-19 13:02:14,031 epoch 10 - iter 44/118 - loss 3.32798167 - samples/sec: 119.96
2020-04-19 13:02:17,350 epoch 10 - iter 55/118 - loss 3.29070726 - samples/sec: 106.48
2020-04-19 13:02:20,547 epoch 10 - iter 66/118 - loss 3.23432404 - samples/sec: 110.58
2020-04-19 13:02:24,998 epoch 10 - iter 77/118 - loss 3.22018867 - samples/sec: 79.37
2020-04-19 13:02:28,353 epoch 10 - iter 88/118 - loss 3.29279276 - samples/sec: 105.31
2020-04-19 13:02:32,648 epoch 10 - iter 99/118 - loss 3.30162138 - samples/sec: 82.24
2020-04-19 13:02:35,995 epoch 10 - iter 110/118 - loss 3.28197483 - samples/sec: 105.55
2020-04-19 13:02:38,272 ----------------------------------------------------------------------------------------------------
2020-04-19 13:02:38,272 EPOCH 10 done: loss 3.2858 - lr 0.2500
2020-04-19 13:03:11,767 DEV : loss 2.0960540771484375 - score 0.9649
2020-04-19 13:03:18,495 TEST : loss 2.0960540771484375 - score 0.9649
2020-04-19 13:03:18,565 BAD EPOCHS (no improvement): 0
2020-04-19 13:03:18,988 ----------------------------------------------------------------------------------------------------
2020-04-19 13:03:22,376 epoch 11 - iter 11/118 - loss 3.34625940 - samples/sec: 103.99
2020-04-19 13:03:25,509 epoch 11 - iter 22/118 - loss 3.04469672 - samples/sec: 112.79
2020-04-19 13:03:29,023 epoch 11 - iter 33/118 - loss 3.16006718 - samples/sec: 100.93
2020-04-19 13:03:33,084 epoch 11 - iter 44/118 - loss 3.15653179 - samples/sec: 87.02
2020-04-19 13:03:36,671 epoch 11 - iter 55/118 - loss 3.15511350 - samples/sec: 98.49
2020-04-19 13:03:40,480 epoch 11 - iter 66/118 - loss 3.15809786 - samples/sec: 92.74
2020-04-19 13:03:43,668 epoch 11 - iter 77/118 - loss 3.16346365 - samples/sec: 111.01
2020-04-19 13:03:46,699 epoch 11 - iter 88/118 - loss 3.15131174 - samples/sec: 116.81
2020-04-19 13:03:49,743 epoch 11 - iter 99/118 - loss 3.15308397 - samples/sec: 116.12
2020-04-19 13:03:52,916 epoch 11 - iter 110/118 - loss 3.17292722 - samples/sec: 111.41
2020-04-19 13:03:55,116 ----------------------------------------------------------------------------------------------------
2020-04-19 13:03:55,116 EPOCH 11 done: loss 3.1952 - lr 0.2500
2020-04-19 13:04:31,152 DEV : loss 2.1509921550750732 - score 0.9613
2020-04-19 13:04:37,892 TEST : loss 2.1509921550750732 - score 0.9613
2020-04-19 13:04:37,964 BAD EPOCHS (no improvement): 1
2020-04-19 13:04:38,255 ----------------------------------------------------------------------------------------------------
2020-04-19 13:04:41,254 epoch 12 - iter 11/118 - loss 3.19024751 - samples/sec: 117.50
2020-04-19 13:04:43,992 epoch 12 - iter 22/118 - loss 3.23309008 - samples/sec: 129.34
2020-04-19 13:04:47,470 epoch 12 - iter 33/118 - loss 3.25327202 - samples/sec: 101.58
2020-04-19 13:04:52,096 epoch 12 - iter 44/118 - loss 3.21710552 - samples/sec: 76.32
2020-04-19 13:04:55,568 epoch 12 - iter 55/118 - loss 3.26609091 - samples/sec: 101.84
2020-04-19 13:04:59,152 epoch 12 - iter 66/118 - loss 3.28718804 - samples/sec: 98.61
2020-04-19 13:05:03,607 epoch 12 - iter 77/118 - loss 3.24569932 - samples/sec: 79.22
2020-04-19 13:05:07,615 epoch 12 - iter 88/118 - loss 3.24840991 - samples/sec: 88.15
2020-04-19 13:05:11,426 epoch 12 - iter 99/118 - loss 3.20302428 - samples/sec: 92.80
2020-04-19 13:05:14,889 epoch 12 - iter 110/118 - loss 3.19262312 - samples/sec: 102.01
2020-04-19 13:05:16,826 ----------------------------------------------------------------------------------------------------
2020-04-19 13:05:16,826 EPOCH 12 done: loss 3.1680 - lr 0.2500
2020-04-19 13:05:49,492 DEV : loss 2.12841534614563 - score 0.9632
2020-04-19 13:05:55,235 TEST : loss 2.12841534614563 - score 0.9632
2020-04-19 13:05:55,329 BAD EPOCHS (no improvement): 2
2020-04-19 13:05:55,571 ----------------------------------------------------------------------------------------------------
2020-04-19 13:05:58,349 epoch 13 - iter 11/118 - loss 2.89814234 - samples/sec: 126.87
2020-04-19 13:06:03,946 epoch 13 - iter 22/118 - loss 3.04192716 - samples/sec: 63.03
2020-04-19 13:06:08,015 epoch 13 - iter 33/118 - loss 3.06775398 - samples/sec: 86.89
2020-04-19 13:06:11,474 epoch 13 - iter 44/118 - loss 3.07258102 - samples/sec: 102.29
2020-04-19 13:06:15,498 epoch 13 - iter 55/118 - loss 3.07966653 - samples/sec: 87.84
2020-04-19 13:06:19,088 epoch 13 - iter 66/118 - loss 3.07645701 - samples/sec: 98.44
2020-04-19 13:06:22,750 epoch 13 - iter 77/118 - loss 3.03090140 - samples/sec: 96.55
2020-04-19 13:06:26,256 epoch 13 - iter 88/118 - loss 3.06609938 - samples/sec: 100.84
2020-04-19 13:06:29,379 epoch 13 - iter 99/118 - loss 3.09413663 - samples/sec: 113.16
2020-04-19 13:06:32,948 epoch 13 - iter 110/118 - loss 3.10393238 - samples/sec: 98.94
2020-04-19 13:06:35,989 ----------------------------------------------------------------------------------------------------
2020-04-19 13:06:35,989 EPOCH 13 done: loss 3.0828 - lr 0.1250
2020-04-19 13:07:09,937 DEV : loss 2.030665159225464 - score 0.965
2020-04-19 13:07:16,131 TEST : loss 2.030665159225464 - score 0.965
2020-04-19 13:07:16,222 BAD EPOCHS (no improvement): 0
2020-04-19 13:07:16,672 ----------------------------------------------------------------------------------------------------
2020-04-19 13:07:20,273 epoch 14 - iter 11/118 - loss 3.46052519 - samples/sec: 97.82
2020-04-19 13:07:24,407 epoch 14 - iter 22/118 - loss 3.24363474 - samples/sec: 85.42
2020-04-19 13:07:27,579 epoch 14 - iter 33/118 - loss 3.23911735 - samples/sec: 111.52
2020-04-19 13:07:30,747 epoch 14 - iter 44/118 - loss 3.24772803 - samples/sec: 111.58
2020-04-19 13:07:34,189 epoch 14 - iter 55/118 - loss 3.24650015 - samples/sec: 102.74
2020-04-19 13:07:38,619 epoch 14 - iter 66/118 - loss 3.15570637 - samples/sec: 79.71
2020-04-19 13:07:42,056 epoch 14 - iter 77/118 - loss 3.17915879 - samples/sec: 102.82
2020-04-19 13:07:45,349 epoch 14 - iter 88/118 - loss 3.13765237 - samples/sec: 107.35
2020-04-19 13:07:49,209 epoch 14 - iter 99/118 - loss 3.09122469 - samples/sec: 91.51
2020-04-19 13:07:52,280 epoch 14 - iter 110/118 - loss 3.10461364 - samples/sec: 115.25
2020-04-19 13:07:53,954 ----------------------------------------------------------------------------------------------------
2020-04-19 13:07:53,954 EPOCH 14 done: loss 3.0882 - lr 0.1250
2020-04-19 13:08:28,568 DEV : loss 2.057506799697876 - score 0.9646
2020-04-19 13:08:34,206 TEST : loss 2.057506799697876 - score 0.9646
2020-04-19 13:08:34,323 BAD EPOCHS (no improvement): 1
2020-04-19 13:08:34,583 ----------------------------------------------------------------------------------------------------
2020-04-19 13:08:39,239 epoch 15 - iter 11/118 - loss 2.78019871 - samples/sec: 75.66
2020-04-19 13:08:42,471 epoch 15 - iter 22/118 - loss 3.10627386 - samples/sec: 109.54
2020-04-19 13:08:45,788 epoch 15 - iter 33/118 - loss 3.09617401 - samples/sec: 106.65
2020-04-19 13:08:49,115 epoch 15 - iter 44/118 - loss 3.16528202 - samples/sec: 106.36
2020-04-19 13:08:52,221 epoch 15 - iter 55/118 - loss 3.12286212 - samples/sec: 113.80
2020-04-19 13:08:54,922 epoch 15 - iter 66/118 - loss 3.08330599 - samples/sec: 131.10
2020-04-19 13:08:58,531 epoch 15 - iter 77/118 - loss 3.09311008 - samples/sec: 97.87
2020-04-19 13:09:02,738 epoch 15 - iter 88/118 - loss 3.10935580 - samples/sec: 83.94
2020-04-19 13:09:07,234 epoch 15 - iter 99/118 - loss 3.11212939 - samples/sec: 78.60
2020-04-19 13:09:11,756 epoch 15 - iter 110/118 - loss 3.07777694 - samples/sec: 78.09
2020-04-19 13:09:14,551 ----------------------------------------------------------------------------------------------------
2020-04-19 13:09:14,551 EPOCH 15 done: loss 3.0696 - lr 0.1250
2020-04-19 13:09:47,695 DEV : loss 2.0528156757354736 - score 0.964
2020-04-19 13:09:53,113 TEST : loss 2.0528156757354736 - score 0.964
2020-04-19 13:09:53,185 BAD EPOCHS (no improvement): 2
2020-04-19 13:09:53,447 ----------------------------------------------------------------------------------------------------
2020-04-19 13:09:56,577 epoch 16 - iter 11/118 - loss 3.12807746 - samples/sec: 112.54
2020-04-19 13:10:00,825 epoch 16 - iter 22/118 - loss 3.01162827 - samples/sec: 83.17
2020-04-19 13:10:05,881 epoch 16 - iter 33/118 - loss 3.12249023 - samples/sec: 69.86
2020-04-19 13:10:10,094 epoch 16 - iter 44/118 - loss 3.11752215 - samples/sec: 83.90
2020-04-19 13:10:12,892 epoch 16 - iter 55/118 - loss 3.05044811 - samples/sec: 126.60
2020-04-19 13:10:16,193 epoch 16 - iter 66/118 - loss 3.02319252 - samples/sec: 107.10
2020-04-19 13:10:19,834 epoch 16 - iter 77/118 - loss 2.95779034 - samples/sec: 97.02
2020-04-19 13:10:22,813 epoch 16 - iter 88/118 - loss 2.97242233 - samples/sec: 118.64
2020-04-19 13:10:25,940 epoch 16 - iter 99/118 - loss 2.95896162 - samples/sec: 113.04
2020-04-19 13:10:29,323 epoch 16 - iter 110/118 - loss 2.97897959 - samples/sec: 104.42
2020-04-19 13:10:31,804 ----------------------------------------------------------------------------------------------------
2020-04-19 13:10:31,805 EPOCH 16 done: loss 2.9934 - lr 0.0625
2020-04-19 13:11:04,664 DEV : loss 2.03676176071167 - score 0.9648
2020-04-19 13:11:12,283 TEST : loss 2.03676176071167 - score 0.9648
2020-04-19 13:11:12,386 BAD EPOCHS (no improvement): 1
2020-04-19 13:11:12,622 ----------------------------------------------------------------------------------------------------
2020-04-19 13:11:15,742 epoch 17 - iter 11/118 - loss 2.83737953 - samples/sec: 112.97
2020-04-19 13:11:19,354 epoch 17 - iter 22/118 - loss 2.88104376 - samples/sec: 97.82
2020-04-19 13:11:22,695 epoch 17 - iter 33/118 - loss 2.94730035 - samples/sec: 105.77
2020-04-19 13:11:25,932 epoch 17 - iter 44/118 - loss 2.95862169 - samples/sec: 109.22
2020-04-19 13:11:29,559 epoch 17 - iter 55/118 - loss 2.94027979 - samples/sec: 97.49
2020-04-19 13:11:32,850 epoch 17 - iter 66/118 - loss 2.94144389 - samples/sec: 107.48
2020-04-19 13:11:35,724 epoch 17 - iter 77/118 - loss 2.97726112 - samples/sec: 123.19
2020-04-19 13:11:40,624 epoch 17 - iter 88/118 - loss 3.02894743 - samples/sec: 72.02
2020-04-19 13:11:43,746 epoch 17 - iter 99/118 - loss 3.04286127 - samples/sec: 113.23
2020-04-19 13:11:47,748 epoch 17 - iter 110/118 - loss 3.05134121 - samples/sec: 88.24
2020-04-19 13:11:49,740 ----------------------------------------------------------------------------------------------------
2020-04-19 13:11:49,740 EPOCH 17 done: loss 3.0364 - lr 0.0625
2020-04-19 13:12:22,385 DEV : loss 1.992814302444458 - score 0.9653
2020-04-19 13:12:27,807 TEST : loss 1.992814302444458 - score 0.9653
2020-04-19 13:12:27,890 BAD EPOCHS (no improvement): 0
2020-04-19 13:12:28,238 ----------------------------------------------------------------------------------------------------
2020-04-19 13:12:31,307 epoch 18 - iter 11/118 - loss 2.92009903 - samples/sec: 114.76
2020-04-19 13:12:35,067 epoch 18 - iter 22/118 - loss 2.86756273 - samples/sec: 93.96
2020-04-19 13:12:39,090 epoch 18 - iter 33/118 - loss 2.96328433 - samples/sec: 87.81
2020-04-19 13:12:42,372 epoch 18 - iter 44/118 - loss 2.98468394 - samples/sec: 107.64
2020-04-19 13:12:44,929 epoch 18 - iter 55/118 - loss 2.98957115 - samples/sec: 138.28
2020-04-19 13:12:48,045 epoch 18 - iter 66/118 - loss 2.96663240 - samples/sec: 113.44
2020-04-19 13:12:51,331 epoch 18 - iter 77/118 - loss 3.00303392 - samples/sec: 107.53
2020-04-19 13:12:55,053 epoch 18 - iter 88/118 - loss 3.03219343 - samples/sec: 95.01
2020-04-19 13:12:58,176 epoch 18 - iter 99/118 - loss 3.00384620 - samples/sec: 113.20
2020-04-19 13:13:01,748 epoch 18 - iter 110/118 - loss 3.00105055 - samples/sec: 98.91
2020-04-19 13:13:04,527 ----------------------------------------------------------------------------------------------------
2020-04-19 13:13:04,527 EPOCH 18 done: loss 2.9844 - lr 0.0625
2020-04-19 13:13:37,228 DEV : loss 2.00530743598938 - score 0.9648
2020-04-19 13:13:43,742 TEST : loss 2.00530743598938 - score 0.9648
2020-04-19 13:13:43,811 BAD EPOCHS (no improvement): 1
2020-04-19 13:13:44,047 ----------------------------------------------------------------------------------------------------
2020-04-19 13:13:47,028 epoch 19 - iter 11/118 - loss 2.69844020 - samples/sec: 118.15
2020-04-19 13:13:50,301 epoch 19 - iter 22/118 - loss 3.04680420 - samples/sec: 107.95
2020-04-19 13:13:54,028 epoch 19 - iter 33/118 - loss 3.01992614 - samples/sec: 94.84
2020-04-19 13:13:57,415 epoch 19 - iter 44/118 - loss 2.97426109 - samples/sec: 104.32
2020-04-19 13:14:00,368 epoch 19 - iter 55/118 - loss 3.08268716 - samples/sec: 119.64
2020-04-19 13:14:03,414 epoch 19 - iter 66/118 - loss 3.09198515 - samples/sec: 116.23
2020-04-19 13:14:07,394 epoch 19 - iter 77/118 - loss 3.05403093 - samples/sec: 88.76
2020-04-19 13:14:12,752 epoch 19 - iter 88/118 - loss 3.03483252 - samples/sec: 65.91
2020-04-19 13:14:15,473 epoch 19 - iter 99/118 - loss 3.04478693 - samples/sec: 130.03
2020-04-19 13:14:18,784 epoch 19 - iter 110/118 - loss 3.02299474 - samples/sec: 106.78
2020-04-19 13:14:20,989 ----------------------------------------------------------------------------------------------------
2020-04-19 13:14:20,989 EPOCH 19 done: loss 3.0233 - lr 0.0625
2020-04-19 13:14:52,750 DEV : loss 1.9916027784347534 - score 0.9646
2020-04-19 13:14:58,587 TEST : loss 1.9916027784347534 - score 0.9646
2020-04-19 13:14:58,672 BAD EPOCHS (no improvement): 2
2020-04-19 13:14:58,917 ----------------------------------------------------------------------------------------------------
2020-04-19 13:15:03,512 epoch 20 - iter 11/118 - loss 3.28776169 - samples/sec: 76.65
2020-04-19 13:15:07,591 epoch 20 - iter 22/118 - loss 3.17019331 - samples/sec: 86.62
2020-04-19 13:15:12,188 epoch 20 - iter 33/118 - loss 3.20270125 - samples/sec: 76.85
2020-04-19 13:15:15,788 epoch 20 - iter 44/118 - loss 3.23584123 - samples/sec: 98.17
2020-04-19 13:15:19,470 epoch 20 - iter 55/118 - loss 3.11508654 - samples/sec: 96.20
2020-04-19 13:15:22,376 epoch 20 - iter 66/118 - loss 3.04363482 - samples/sec: 121.63
2020-04-19 13:15:26,127 epoch 20 - iter 77/118 - loss 2.99075069 - samples/sec: 94.19
2020-04-19 13:15:29,179 epoch 20 - iter 88/118 - loss 3.00918722 - samples/sec: 115.90
2020-04-19 13:15:32,267 epoch 20 - iter 99/118 - loss 2.97760204 - samples/sec: 114.52
2020-04-19 13:15:35,860 epoch 20 - iter 110/118 - loss 2.99837109 - samples/sec: 98.42
2020-04-19 13:15:37,896 ----------------------------------------------------------------------------------------------------
2020-04-19 13:15:37,897 EPOCH 20 done: loss 3.0221 - lr 0.0312
2020-04-19 13:16:13,772 DEV : loss 1.964708685874939 - score 0.9649
2020-04-19 13:16:19,968 TEST : loss 1.964708685874939 - score 0.9649
2020-04-19 13:16:20,040 BAD EPOCHS (no improvement): 1
2020-04-19 13:16:20,288 ----------------------------------------------------------------------------------------------------
2020-04-19 13:16:23,132 epoch 21 - iter 11/118 - loss 2.95156310 - samples/sec: 123.87
2020-04-19 13:16:27,041 epoch 21 - iter 22/118 - loss 3.06685598 - samples/sec: 90.43
2020-04-19 13:16:30,041 epoch 21 - iter 33/118 - loss 2.99196861 - samples/sec: 117.84
2020-04-19 13:16:33,134 epoch 21 - iter 44/118 - loss 2.96073028 - samples/sec: 114.41
2020-04-19 13:16:36,215 epoch 21 - iter 55/118 - loss 2.95573270 - samples/sec: 114.84
2020-04-19 13:16:39,780 epoch 21 - iter 66/118 - loss 2.96751795 - samples/sec: 99.04
2020-04-19 13:16:44,062 epoch 21 - iter 77/118 - loss 2.98209271 - samples/sec: 82.46
2020-04-19 13:16:46,996 epoch 21 - iter 88/118 - loss 2.95507469 - samples/sec: 120.61
2020-04-19 13:16:50,927 epoch 21 - iter 99/118 - loss 2.96577180 - samples/sec: 89.83
2020-04-19 13:16:54,398 epoch 21 - iter 110/118 - loss 2.97505233 - samples/sec: 101.83
2020-04-19 13:16:56,463 ----------------------------------------------------------------------------------------------------
2020-04-19 13:16:56,463 EPOCH 21 done: loss 2.9389 - lr 0.0312
2020-04-19 13:17:31,387 DEV : loss 1.9854694604873657 - score 0.9648
2020-04-19 13:17:37,038 TEST : loss 1.9854694604873657 - score 0.9648
2020-04-19 13:17:37,108 BAD EPOCHS (no improvement): 2
2020-04-19 13:17:37,340 ----------------------------------------------------------------------------------------------------
2020-04-19 13:17:40,544 epoch 22 - iter 11/118 - loss 3.26927209 - samples/sec: 109.97
2020-04-19 13:17:44,309 epoch 22 - iter 22/118 - loss 2.99295171 - samples/sec: 93.80
2020-04-19 13:17:47,169 epoch 22 - iter 33/118 - loss 2.94781179 - samples/sec: 123.78
2020-04-19 13:17:51,245 epoch 22 - iter 44/118 - loss 2.99645655 - samples/sec: 86.68
2020-04-19 13:17:55,861 epoch 22 - iter 55/118 - loss 3.00086572 - samples/sec: 76.52
2020-04-19 13:17:59,283 epoch 22 - iter 66/118 - loss 2.97954119 - samples/sec: 103.35
2020-04-19 13:18:03,452 epoch 22 - iter 77/118 - loss 2.99434952 - samples/sec: 84.71
2020-04-19 13:18:07,553 epoch 22 - iter 88/118 - loss 3.04084080 - samples/sec: 86.18
2020-04-19 13:18:11,017 epoch 22 - iter 99/118 - loss 3.04683171 - samples/sec: 102.11
2020-04-19 13:18:15,132 epoch 22 - iter 110/118 - loss 3.01881972 - samples/sec: 85.81
2020-04-19 13:18:17,150 ----------------------------------------------------------------------------------------------------
2020-04-19 13:18:17,151 EPOCH 22 done: loss 2.9939 - lr 0.0156
2020-04-19 13:18:48,691 DEV : loss 1.972938895225525 - score 0.9652
2020-04-19 13:18:54,582 TEST : loss 1.972938895225525 - score 0.9652
2020-04-19 13:18:54,667 BAD EPOCHS (no improvement): 1
2020-04-19 13:18:54,975 ----------------------------------------------------------------------------------------------------
2020-04-19 13:18:58,501 epoch 23 - iter 11/118 - loss 3.19601065 - samples/sec: 99.89
2020-04-19 13:19:02,344 epoch 23 - iter 22/118 - loss 3.15053789 - samples/sec: 91.88
2020-04-19 13:19:06,558 epoch 23 - iter 33/118 - loss 3.15897416 - samples/sec: 83.91
2020-04-19 13:19:09,961 epoch 23 - iter 44/118 - loss 3.15216882 - samples/sec: 103.84
2020-04-19 13:19:13,062 epoch 23 - iter 55/118 - loss 3.12535954 - samples/sec: 114.19
2020-04-19 13:19:17,423 epoch 23 - iter 66/118 - loss 3.14736954 - samples/sec: 80.96
2020-04-19 13:19:20,991 epoch 23 - iter 77/118 - loss 3.08912734 - samples/sec: 99.23
2020-04-19 13:19:23,933 epoch 23 - iter 88/118 - loss 3.05863337 - samples/sec: 120.30
2020-04-19 13:19:26,762 epoch 23 - iter 99/118 - loss 3.05515028 - samples/sec: 124.99
2020-04-19 13:19:30,546 epoch 23 - iter 110/118 - loss 3.02973871 - samples/sec: 93.44
2020-04-19 13:19:32,454 ----------------------------------------------------------------------------------------------------
2020-04-19 13:19:32,454 EPOCH 23 done: loss 2.9960 - lr 0.0156
2020-04-19 13:20:05,895 DEV : loss 1.9708995819091797 - score 0.9654
2020-04-19 13:20:12,052 TEST : loss 1.9708995819091797 - score 0.9654
2020-04-19 13:20:12,169 BAD EPOCHS (no improvement): 0
2020-04-19 13:20:12,742 ----------------------------------------------------------------------------------------------------
2020-04-19 13:20:16,981 epoch 24 - iter 11/118 - loss 2.91707082 - samples/sec: 83.09
2020-04-19 13:20:20,039 epoch 24 - iter 22/118 - loss 2.81311384 - samples/sec: 115.63
2020-04-19 13:20:23,753 epoch 24 - iter 33/118 - loss 2.82818344 - samples/sec: 95.21
2020-04-19 13:20:27,167 epoch 24 - iter 44/118 - loss 2.88208631 - samples/sec: 103.54
2020-04-19 13:20:30,605 epoch 24 - iter 55/118 - loss 2.98411135 - samples/sec: 102.76
2020-04-19 13:20:33,660 epoch 24 - iter 66/118 - loss 2.98245482 - samples/sec: 115.83
2020-04-19 13:20:37,507 epoch 24 - iter 77/118 - loss 3.00503499 - samples/sec: 91.79
2020-04-19 13:20:40,440 epoch 24 - iter 88/118 - loss 2.99327003 - samples/sec: 120.50
2020-04-19 13:20:44,304 epoch 24 - iter 99/118 - loss 3.01209386 - samples/sec: 91.37
2020-04-19 13:20:48,949 epoch 24 - iter 110/118 - loss 2.99414599 - samples/sec: 76.04
2020-04-19 13:20:50,887 ----------------------------------------------------------------------------------------------------
2020-04-19 13:20:50,887 EPOCH 24 done: loss 2.9843 - lr 0.0156
2020-04-19 13:21:26,028 DEV : loss 1.9709770679473877 - score 0.9646
2020-04-19 13:21:31,580 TEST : loss 1.9709770679473877 - score 0.9646
2020-04-19 13:21:31,666 BAD EPOCHS (no improvement): 1
2020-04-19 13:21:31,945 ----------------------------------------------------------------------------------------------------
2020-04-19 13:21:34,965 epoch 25 - iter 11/118 - loss 3.05847456 - samples/sec: 116.65
2020-04-19 13:21:37,913 epoch 25 - iter 22/118 - loss 2.93644055 - samples/sec: 120.07
2020-04-19 13:21:41,410 epoch 25 - iter 33/118 - loss 2.98718098 - samples/sec: 101.13
2020-04-19 13:21:45,381 epoch 25 - iter 44/118 - loss 2.97086323 - samples/sec: 88.94
2020-04-19 13:21:48,516 epoch 25 - iter 55/118 - loss 3.02709655 - samples/sec: 112.72
2020-04-19 13:21:51,529 epoch 25 - iter 66/118 - loss 2.94440200 - samples/sec: 117.46
2020-04-19 13:21:54,905 epoch 25 - iter 77/118 - loss 2.93471089 - samples/sec: 104.62
2020-04-19 13:21:58,906 epoch 25 - iter 88/118 - loss 2.93123684 - samples/sec: 88.30
2020-04-19 13:22:01,762 epoch 25 - iter 99/118 - loss 2.94483211 - samples/sec: 124.01
2020-04-19 13:22:06,162 epoch 25 - iter 110/118 - loss 2.94527503 - samples/sec: 80.35
2020-04-19 13:22:08,113 ----------------------------------------------------------------------------------------------------
2020-04-19 13:22:08,113 EPOCH 25 done: loss 2.9565 - lr 0.0156
2020-04-19 13:22:39,953 DEV : loss 1.9650394916534424 - score 0.9651
2020-04-19 13:22:45,588 TEST : loss 1.9650394916534424 - score 0.9651
2020-04-19 13:22:45,666 BAD EPOCHS (no improvement): 2
2020-04-19 13:22:45,913 ----------------------------------------------------------------------------------------------------
2020-04-19 13:22:49,419 epoch 26 - iter 11/118 - loss 3.16091891 - samples/sec: 100.48
2020-04-19 13:22:52,687 epoch 26 - iter 22/118 - loss 3.30538296 - samples/sec: 108.12
2020-04-19 13:22:56,127 epoch 26 - iter 33/118 - loss 3.22475624 - samples/sec: 102.67
2020-04-19 13:22:59,018 epoch 26 - iter 44/118 - loss 3.16005960 - samples/sec: 122.32
2020-04-19 13:23:02,224 epoch 26 - iter 55/118 - loss 3.17438535 - samples/sec: 110.19
2020-04-19 13:23:06,239 epoch 26 - iter 66/118 - loss 3.14470507 - samples/sec: 87.95
2020-04-19 13:23:09,216 epoch 26 - iter 77/118 - loss 3.12735297 - samples/sec: 118.73
2020-04-19 13:23:12,615 epoch 26 - iter 88/118 - loss 3.06867536 - samples/sec: 104.03
2020-04-19 13:23:15,955 epoch 26 - iter 99/118 - loss 3.07278373 - samples/sec: 105.84
2020-04-19 13:23:19,902 epoch 26 - iter 110/118 - loss 3.01228804 - samples/sec: 89.47
2020-04-19 13:23:22,730 ----------------------------------------------------------------------------------------------------
2020-04-19 13:23:22,730 EPOCH 26 done: loss 3.0276 - lr 0.0078
2020-04-19 13:23:55,498 DEV : loss 1.9633735418319702 - score 0.9652
2020-04-19 13:24:01,080 TEST : loss 1.9633735418319702 - score 0.9652
2020-04-19 13:24:01,148 BAD EPOCHS (no improvement): 1
2020-04-19 13:24:01,425 ----------------------------------------------------------------------------------------------------
2020-04-19 13:24:05,556 epoch 27 - iter 11/118 - loss 3.12155065 - samples/sec: 85.26
2020-04-19 13:24:08,715 epoch 27 - iter 22/118 - loss 2.93761653 - samples/sec: 112.02
2020-04-19 13:24:12,085 epoch 27 - iter 33/118 - loss 3.05065292 - samples/sec: 105.13
2020-04-19 13:24:15,267 epoch 27 - iter 44/118 - loss 3.00968725 - samples/sec: 111.06
2020-04-19 13:24:19,976 epoch 27 - iter 55/118 - loss 3.01796193 - samples/sec: 75.01
2020-04-19 13:24:23,313 epoch 27 - iter 66/118 - loss 2.97374208 - samples/sec: 105.91
2020-04-19 13:24:27,029 epoch 27 - iter 77/118 - loss 2.99880233 - samples/sec: 95.13
2020-04-19 13:24:30,277 epoch 27 - iter 88/118 - loss 2.96679049 - samples/sec: 108.86
2020-04-19 13:24:33,531 epoch 27 - iter 99/118 - loss 2.99199497 - samples/sec: 108.63
2020-04-19 13:24:36,315 epoch 27 - iter 110/118 - loss 2.97762104 - samples/sec: 127.07
2020-04-19 13:24:38,858 ----------------------------------------------------------------------------------------------------
2020-04-19 13:24:38,858 EPOCH 27 done: loss 2.9733 - lr 0.0078
2020-04-19 13:25:13,264 DEV : loss 1.9678329229354858 - score 0.9651
2020-04-19 13:25:20,168 TEST : loss 1.9678329229354858 - score 0.9651
2020-04-19 13:25:20,280 BAD EPOCHS (no improvement): 2
2020-04-19 13:25:20,570 ----------------------------------------------------------------------------------------------------
2020-04-19 13:25:23,292 epoch 28 - iter 11/118 - loss 3.01813659 - samples/sec: 129.42
2020-04-19 13:25:26,719 epoch 28 - iter 22/118 - loss 3.16843979 - samples/sec: 103.09
2020-04-19 13:25:30,045 epoch 28 - iter 33/118 - loss 3.17751291 - samples/sec: 106.26
2020-04-19 13:25:33,047 epoch 28 - iter 44/118 - loss 3.06603401 - samples/sec: 117.70
2020-04-19 13:25:36,720 epoch 28 - iter 55/118 - loss 3.02848022 - samples/sec: 96.22
2020-04-19 13:25:40,266 epoch 28 - iter 66/118 - loss 2.99592242 - samples/sec: 99.60
2020-04-19 13:25:43,108 epoch 28 - iter 77/118 - loss 2.99258444 - samples/sec: 124.38
2020-04-19 13:25:46,190 epoch 28 - iter 88/118 - loss 3.02895497 - samples/sec: 114.69
2020-04-19 13:25:50,728 epoch 28 - iter 99/118 - loss 3.01882761 - samples/sec: 77.80
2020-04-19 13:25:53,815 epoch 28 - iter 110/118 - loss 3.00105686 - samples/sec: 114.44
2020-04-19 13:25:56,438 ----------------------------------------------------------------------------------------------------
2020-04-19 13:25:56,438 EPOCH 28 done: loss 3.0169 - lr 0.0039
2020-04-19 13:26:30,201 DEV : loss 1.96723473072052 - score 0.9651
2020-04-19 13:26:35,694 TEST : loss 1.96723473072052 - score 0.9651
2020-04-19 13:26:35,765 BAD EPOCHS (no improvement): 1
2020-04-19 13:26:35,950 ----------------------------------------------------------------------------------------------------
2020-04-19 13:26:39,287 epoch 29 - iter 11/118 - loss 2.94517713 - samples/sec: 105.57
2020-04-19 13:26:42,260 epoch 29 - iter 22/118 - loss 2.85432957 - samples/sec: 119.07
2020-04-19 13:26:46,195 epoch 29 - iter 33/118 - loss 2.91372867 - samples/sec: 89.75
2020-04-19 13:26:50,211 epoch 29 - iter 44/118 - loss 2.93388003 - samples/sec: 87.95
2020-04-19 13:26:53,654 epoch 29 - iter 55/118 - loss 2.97747594 - samples/sec: 102.68
2020-04-19 13:26:57,368 epoch 29 - iter 66/118 - loss 2.96670925 - samples/sec: 95.13
2020-04-19 13:27:01,318 epoch 29 - iter 77/118 - loss 2.93478181 - samples/sec: 89.43
2020-04-19 13:27:04,895 epoch 29 - iter 88/118 - loss 2.92146409 - samples/sec: 98.89
2020-04-19 13:27:08,320 epoch 29 - iter 99/118 - loss 2.88660845 - samples/sec: 103.34
2020-04-19 13:27:11,358 epoch 29 - iter 110/118 - loss 2.88481455 - samples/sec: 116.38
2020-04-19 13:27:13,844 ----------------------------------------------------------------------------------------------------
2020-04-19 13:27:13,844 EPOCH 29 done: loss 2.8990 - lr 0.0039
2020-04-19 13:27:48,207 DEV : loss 1.9681615829467773 - score 0.9651
2020-04-19 13:27:56,096 TEST : loss 1.9681615829467773 - score 0.9651
2020-04-19 13:27:56,182 BAD EPOCHS (no improvement): 2
2020-04-19 13:27:56,425 ----------------------------------------------------------------------------------------------------
2020-04-19 13:28:00,314 epoch 30 - iter 11/118 - loss 3.07121843 - samples/sec: 90.56
2020-04-19 13:28:04,230 epoch 30 - iter 22/118 - loss 3.15540290 - samples/sec: 90.21
2020-04-19 13:28:08,028 epoch 30 - iter 33/118 - loss 3.06873366 - samples/sec: 93.01
2020-04-19 13:28:11,242 epoch 30 - iter 44/118 - loss 3.09229797 - samples/sec: 109.92
2020-04-19 13:28:14,446 epoch 30 - iter 55/118 - loss 3.07369577 - samples/sec: 110.34
2020-04-19 13:28:17,775 epoch 30 - iter 66/118 - loss 3.07005808 - samples/sec: 106.26
2020-04-19 13:28:21,822 epoch 30 - iter 77/118 - loss 3.06179907 - samples/sec: 87.35
2020-04-19 13:28:24,961 epoch 30 - iter 88/118 - loss 3.03304788 - samples/sec: 112.66
2020-04-19 13:28:28,755 epoch 30 - iter 99/118 - loss 3.02115742 - samples/sec: 93.07
2020-04-19 13:28:32,263 epoch 30 - iter 110/118 - loss 3.00856505 - samples/sec: 100.87
2020-04-19 13:28:34,505 ----------------------------------------------------------------------------------------------------
2020-04-19 13:28:34,505 EPOCH 30 done: loss 2.9916 - lr 0.0020
2020-04-19 13:29:07,211 DEV : loss 1.9664056301116943 - score 0.9651
2020-04-19 13:29:13,074 TEST : loss 1.9664056301116943 - score 0.9651
2020-04-19 13:29:13,186 BAD EPOCHS (no improvement): 1
2020-04-19 13:29:13,538 ----------------------------------------------------------------------------------------------------
2020-04-19 13:29:16,753 epoch 31 - iter 11/118 - loss 2.89042841 - samples/sec: 109.57
2020-04-19 13:29:19,875 epoch 31 - iter 22/118 - loss 2.97529850 - samples/sec: 113.17
2020-04-19 13:29:23,843 epoch 31 - iter 33/118 - loss 2.88822023 - samples/sec: 89.09
2020-04-19 13:29:27,127 epoch 31 - iter 44/118 - loss 2.86334664 - samples/sec: 107.63
2020-04-19 13:29:30,927 epoch 31 - iter 55/118 - loss 2.90148085 - samples/sec: 92.95
2020-04-19 13:29:34,646 epoch 31 - iter 66/118 - loss 2.99226984 - samples/sec: 95.10
2020-04-19 13:29:38,008 epoch 31 - iter 77/118 - loss 2.94875221 - samples/sec: 105.10
2020-04-19 13:29:41,304 epoch 31 - iter 88/118 - loss 3.00003362 - samples/sec: 107.21
2020-04-19 13:29:44,824 epoch 31 - iter 99/118 - loss 2.98898052 - samples/sec: 100.40
2020-04-19 13:29:48,129 epoch 31 - iter 110/118 - loss 2.94992092 - samples/sec: 106.94
2020-04-19 13:29:50,234 ----------------------------------------------------------------------------------------------------
2020-04-19 13:29:50,235 EPOCH 31 done: loss 2.9483 - lr 0.0020
2020-04-19 13:30:26,462 DEV : loss 1.9664409160614014 - score 0.9651
2020-04-19 13:30:32,671 TEST : loss 1.9664409160614014 - score 0.9651
2020-04-19 13:30:32,782 BAD EPOCHS (no improvement): 2
2020-04-19 13:30:33,133 ----------------------------------------------------------------------------------------------------
2020-04-19 13:30:36,268 epoch 32 - iter 11/118 - loss 3.25805146 - samples/sec: 112.45
2020-04-19 13:30:39,333 epoch 32 - iter 22/118 - loss 3.11609941 - samples/sec: 115.33
2020-04-19 13:30:42,327 epoch 32 - iter 33/118 - loss 3.14873578 - samples/sec: 118.09
2020-04-19 13:30:45,146 epoch 32 - iter 44/118 - loss 3.07507835 - samples/sec: 125.56
2020-04-19 13:30:48,212 epoch 32 - iter 55/118 - loss 3.04808392 - samples/sec: 115.29
2020-04-19 13:30:51,638 epoch 32 - iter 66/118 - loss 3.05515446 - samples/sec: 103.15
2020-04-19 13:30:55,221 epoch 32 - iter 77/118 - loss 3.01324432 - samples/sec: 98.59
2020-04-19 13:30:58,451 epoch 32 - iter 88/118 - loss 2.99871860 - samples/sec: 109.58
2020-04-19 13:31:02,181 epoch 32 - iter 99/118 - loss 3.00787663 - samples/sec: 94.69
2020-04-19 13:31:06,392 epoch 32 - iter 110/118 - loss 3.00258804 - samples/sec: 83.85
2020-04-19 13:31:08,885 ----------------------------------------------------------------------------------------------------
2020-04-19 13:31:08,885 EPOCH 32 done: loss 3.0484 - lr 0.0010
2020-04-19 13:31:42,548 DEV : loss 1.9664573669433594 - score 0.9651
2020-04-19 13:31:48,469 TEST : loss 1.9664573669433594 - score 0.9651
2020-04-19 13:31:48,537 BAD EPOCHS (no improvement): 1
2020-04-19 13:31:48,826 ----------------------------------------------------------------------------------------------------
2020-04-19 13:31:53,581 epoch 33 - iter 11/118 - loss 3.12135999 - samples/sec: 74.22
2020-04-19 13:31:56,753 epoch 33 - iter 22/118 - loss 2.88340078 - samples/sec: 111.58
2020-04-19 13:31:59,761 epoch 33 - iter 33/118 - loss 2.89698585 - samples/sec: 117.50
2020-04-19 13:32:03,986 epoch 33 - iter 44/118 - loss 2.92945571 - samples/sec: 83.65
2020-04-19 13:32:07,456 epoch 33 - iter 55/118 - loss 2.87872163 - samples/sec: 102.12
2020-04-19 13:32:10,749 epoch 33 - iter 66/118 - loss 2.89974246 - samples/sec: 107.33
2020-04-19 13:32:13,811 epoch 33 - iter 77/118 - loss 2.89696905 - samples/sec: 115.52
2020-04-19 13:32:17,717 epoch 33 - iter 88/118 - loss 2.93276044 - samples/sec: 90.42
2020-04-19 13:32:20,568 epoch 33 - iter 99/118 - loss 2.91348988 - samples/sec: 124.14
2020-04-19 13:32:23,888 epoch 33 - iter 110/118 - loss 2.90549287 - samples/sec: 106.43
2020-04-19 13:32:25,868 ----------------------------------------------------------------------------------------------------
2020-04-19 13:32:25,868 EPOCH 33 done: loss 2.9048 - lr 0.0010
2020-04-19 13:32:57,282 DEV : loss 1.96684730052948 - score 0.9651
2020-04-19 13:33:03,452 TEST : loss 1.96684730052948 - score 0.9651
2020-04-19 13:33:03,549 BAD EPOCHS (no improvement): 2
2020-04-19 13:33:03,844 ----------------------------------------------------------------------------------------------------
2020-04-19 13:33:07,748 epoch 34 - iter 11/118 - loss 3.24348747 - samples/sec: 90.21
2020-04-19 13:33:10,478 epoch 34 - iter 22/118 - loss 3.06209685 - samples/sec: 129.56
2020-04-19 13:33:13,535 epoch 34 - iter 33/118 - loss 3.02403725 - samples/sec: 115.68
2020-04-19 13:33:16,804 epoch 34 - iter 44/118 - loss 2.98609313 - samples/sec: 108.20
2020-04-19 13:33:20,100 epoch 34 - iter 55/118 - loss 2.91406035 - samples/sec: 107.35
2020-04-19 13:33:23,740 epoch 34 - iter 66/118 - loss 2.91249530 - samples/sec: 97.02
2020-04-19 13:33:29,611 epoch 34 - iter 77/118 - loss 2.89258986 - samples/sec: 60.09
2020-04-19 13:33:34,062 epoch 34 - iter 88/118 - loss 2.90656744 - samples/sec: 79.34
2020-04-19 13:33:37,632 epoch 34 - iter 99/118 - loss 2.90329585 - samples/sec: 99.24
2020-04-19 13:33:40,995 epoch 34 - iter 110/118 - loss 2.94695337 - samples/sec: 105.11
2020-04-19 13:33:42,889 ----------------------------------------------------------------------------------------------------
2020-04-19 13:33:42,890 EPOCH 34 done: loss 2.9657 - lr 0.0005
2020-04-19 13:34:15,984 DEV : loss 1.9665111303329468 - score 0.9651
2020-04-19 13:34:21,712 TEST : loss 1.9665111303329468 - score 0.9651
2020-04-19 13:34:21,787 BAD EPOCHS (no improvement): 1
2020-04-19 13:34:22,041 ----------------------------------------------------------------------------------------------------
2020-04-19 13:34:25,573 epoch 35 - iter 11/118 - loss 2.88485941 - samples/sec: 99.71
2020-04-19 13:34:29,194 epoch 35 - iter 22/118 - loss 3.05004597 - samples/sec: 97.67
2020-04-19 13:34:32,617 epoch 35 - iter 33/118 - loss 2.99736841 - samples/sec: 103.29
2020-04-19 13:34:35,862 epoch 35 - iter 44/118 - loss 2.92024472 - samples/sec: 109.07
2020-04-19 13:34:38,560 epoch 35 - iter 55/118 - loss 2.94821695 - samples/sec: 131.16
2020-04-19 13:34:42,119 epoch 35 - iter 66/118 - loss 2.93698764 - samples/sec: 99.27
2020-04-19 13:34:45,169 epoch 35 - iter 77/118 - loss 2.95415804 - samples/sec: 116.09
2020-04-19 13:34:48,860 epoch 35 - iter 88/118 - loss 2.99134021 - samples/sec: 95.74
2020-04-19 13:34:51,821 epoch 35 - iter 99/118 - loss 2.98730976 - samples/sec: 119.58
2020-04-19 13:34:55,886 epoch 35 - iter 110/118 - loss 2.96908416 - samples/sec: 86.88
2020-04-19 13:34:58,395 ----------------------------------------------------------------------------------------------------
2020-04-19 13:34:58,395 EPOCH 35 done: loss 2.9658 - lr 0.0005
2020-04-19 13:35:32,441 DEV : loss 1.9665025472640991 - score 0.9651
2020-04-19 13:35:38,271 TEST : loss 1.9665025472640991 - score 0.9651
2020-04-19 13:35:38,389 BAD EPOCHS (no improvement): 2
2020-04-19 13:35:38,750 ----------------------------------------------------------------------------------------------------
2020-04-19 13:35:41,435 epoch 36 - iter 11/118 - loss 2.90682155 - samples/sec: 131.22
2020-04-19 13:35:44,958 epoch 36 - iter 22/118 - loss 3.09397236 - samples/sec: 100.38
2020-04-19 13:35:48,465 epoch 36 - iter 33/118 - loss 3.05314610 - samples/sec: 100.66
2020-04-19 13:35:51,982 epoch 36 - iter 44/118 - loss 3.08114017 - samples/sec: 100.46
2020-04-19 13:35:54,719 epoch 36 - iter 55/118 - loss 3.05993861 - samples/sec: 129.20
2020-04-19 13:35:59,172 epoch 36 - iter 66/118 - loss 3.04337338 - samples/sec: 79.28
2020-04-19 13:36:02,066 epoch 36 - iter 77/118 - loss 3.06132705 - samples/sec: 122.11
2020-04-19 13:36:06,111 epoch 36 - iter 88/118 - loss 3.00899507 - samples/sec: 87.38
2020-04-19 13:36:09,454 epoch 36 - iter 99/118 - loss 3.00903480 - samples/sec: 105.81
2020-04-19 13:36:12,665 epoch 36 - iter 110/118 - loss 2.97044805 - samples/sec: 110.19
2020-04-19 13:36:15,254 ----------------------------------------------------------------------------------------------------
2020-04-19 13:36:15,254 EPOCH 36 done: loss 2.9523 - lr 0.0002
2020-04-19 13:36:46,586 DEV : loss 1.9665671586990356 - score 0.9651
2020-04-19 13:36:52,334 TEST : loss 1.9665671586990356 - score 0.9651
2020-04-19 13:36:52,428 BAD EPOCHS (no improvement): 1
2020-04-19 13:36:52,670 ----------------------------------------------------------------------------------------------------
2020-04-19 13:36:55,880 epoch 37 - iter 11/118 - loss 2.80300225 - samples/sec: 109.75
2020-04-19 13:36:59,663 epoch 37 - iter 22/118 - loss 2.78226960 - samples/sec: 93.48
2020-04-19 13:37:03,365 epoch 37 - iter 33/118 - loss 2.76993042 - samples/sec: 95.55
2020-04-19 13:37:06,646 epoch 37 - iter 44/118 - loss 2.81056742 - samples/sec: 107.76
2020-04-19 13:37:10,173 epoch 37 - iter 55/118 - loss 2.80417259 - samples/sec: 100.16
2020-04-19 13:37:12,773 epoch 37 - iter 66/118 - loss 2.82908951 - samples/sec: 136.24
2020-04-19 13:37:16,910 epoch 37 - iter 77/118 - loss 2.88966762 - samples/sec: 85.33
2020-04-19 13:37:19,828 epoch 37 - iter 88/118 - loss 2.87953094 - samples/sec: 121.16
2020-04-19 13:37:22,718 epoch 37 - iter 99/118 - loss 2.91649907 - samples/sec: 122.28
2020-04-19 13:37:26,192 epoch 37 - iter 110/118 - loss 2.90766318 - samples/sec: 101.80
2020-04-19 13:37:29,267 ----------------------------------------------------------------------------------------------------
2020-04-19 13:37:29,268 EPOCH 37 done: loss 2.9289 - lr 0.0002
2020-04-19 13:38:02,600 DEV : loss 1.966510534286499 - score 0.9651
2020-04-19 13:38:09,131 TEST : loss 1.966510534286499 - score 0.9651
2020-04-19 13:38:09,203 BAD EPOCHS (no improvement): 2
2020-04-19 13:38:09,463 ----------------------------------------------------------------------------------------------------
2020-04-19 13:38:12,826 epoch 38 - iter 11/118 - loss 2.86716877 - samples/sec: 104.77
2020-04-19 13:38:15,893 epoch 38 - iter 22/118 - loss 2.96170453 - samples/sec: 115.29
2020-04-19 13:38:18,573 epoch 38 - iter 33/118 - loss 2.89902210 - samples/sec: 132.05
2020-04-19 13:38:21,925 epoch 38 - iter 44/118 - loss 2.91509950 - samples/sec: 105.45
2020-04-19 13:38:25,474 epoch 38 - iter 55/118 - loss 2.98191398 - samples/sec: 99.50
2020-04-19 13:38:29,792 epoch 38 - iter 66/118 - loss 2.97038822 - samples/sec: 81.77
2020-04-19 13:38:33,008 epoch 38 - iter 77/118 - loss 2.96403634 - samples/sec: 109.87
2020-04-19 13:38:36,120 epoch 38 - iter 88/118 - loss 2.95696806 - samples/sec: 113.84
2020-04-19 13:38:39,795 epoch 38 - iter 99/118 - loss 2.96658170 - samples/sec: 96.10
2020-04-19 13:38:43,419 epoch 38 - iter 110/118 - loss 2.93122032 - samples/sec: 97.46
2020-04-19 13:38:45,195 ----------------------------------------------------------------------------------------------------
2020-04-19 13:38:45,196 EPOCH 38 done: loss 2.9177 - lr 0.0001
2020-04-19 13:39:19,322 DEV : loss 1.9665031433105469 - score 0.9651
2020-04-19 13:39:25,243 TEST : loss 1.9665031433105469 - score 0.9651
2020-04-19 13:39:25,341 BAD EPOCHS (no improvement): 1
2020-04-19 13:39:25,594 ----------------------------------------------------------------------------------------------------
2020-04-19 13:39:30,178 epoch 39 - iter 11/118 - loss 3.03324404 - samples/sec: 76.84
2020-04-19 13:39:34,752 epoch 39 - iter 22/118 - loss 3.06227350 - samples/sec: 77.16
2020-04-19 13:39:38,555 epoch 39 - iter 33/118 - loss 2.92205287 - samples/sec: 92.85
2020-04-19 13:39:42,022 epoch 39 - iter 44/118 - loss 2.96864418 - samples/sec: 101.99
2020-04-19 13:39:44,867 epoch 39 - iter 55/118 - loss 2.91119413 - samples/sec: 124.24
2020-04-19 13:39:49,135 epoch 39 - iter 66/118 - loss 2.89026245 - samples/sec: 82.73
2020-04-19 13:39:52,297 epoch 39 - iter 77/118 - loss 2.93160072 - samples/sec: 111.73
2020-04-19 13:39:56,678 epoch 39 - iter 88/118 - loss 2.92739888 - samples/sec: 80.57
2020-04-19 13:40:02,849 epoch 39 - iter 99/118 - loss 2.91656552 - samples/sec: 57.16
2020-04-19 13:40:07,867 epoch 39 - iter 110/118 - loss 2.94168515 - samples/sec: 70.35
2020-04-19 13:40:09,570 ----------------------------------------------------------------------------------------------------
2020-04-19 13:40:09,571 EPOCH 39 done: loss 2.9189 - lr 0.0001
2020-04-19 13:40:43,782 DEV : loss 1.9665511846542358 - score 0.9651
2020-04-19 13:40:49,211 TEST : loss 1.9665511846542358 - score 0.9651
2020-04-19 13:40:49,285 BAD EPOCHS (no improvement): 2
2020-04-19 13:40:49,553 ----------------------------------------------------------------------------------------------------
2020-04-19 13:40:49,553 ----------------------------------------------------------------------------------------------------
2020-04-19 13:40:49,553 learning rate too small - quitting training!
2020-04-19 13:40:49,553 ----------------------------------------------------------------------------------------------------
2020-04-19 13:40:49,713 ----------------------------------------------------------------------------------------------------
2020-04-19 13:40:49,713 Testing using best model ...
2020-04-19 13:40:49,714 loading file ./best-model.pt
2020-04-19 13:40:55,173 0.9654	0.9654	0.9654
2020-04-19 13:40:55,174 
MICRO_AVG: acc 0.9331 - f1-score 0.9654
MACRO_AVG: acc 0.8519 - f1-score 0.9069823529411765
ADJ        tp: 1023 - fp: 94 - fn: 80 - tn: 1023 - precision: 0.9158 - recall: 0.9275 - accuracy: 0.8546 - f1-score: 0.9216
ADP        tp: 1664 - fp: 60 - fn: 29 - tn: 1664 - precision: 0.9652 - recall: 0.9829 - accuracy: 0.9492 - f1-score: 0.9740
ADV        tp: 503 - fp: 40 - fn: 56 - tn: 503 - precision: 0.9263 - recall: 0.8998 - accuracy: 0.8397 - f1-score: 0.9129
AUX        tp: 669 - fp: 26 - fn: 4 - tn: 669 - precision: 0.9626 - recall: 0.9941 - accuracy: 0.9571 - f1-score: 0.9781
CCONJ      tp: 557 - fp: 3 - fn: 5 - tn: 557 - precision: 0.9946 - recall: 0.9911 - accuracy: 0.9858 - f1-score: 0.9928
DET        tp: 1295 - fp: 9 - fn: 13 - tn: 1295 - precision: 0.9931 - recall: 0.9901 - accuracy: 0.9833 - f1-score: 0.9916
INTJ       tp: 2 - fp: 2 - fn: 0 - tn: 2 - precision: 0.5000 - recall: 1.0000 - accuracy: 0.5000 - f1-score: 0.6667
NOUN       tp: 3021 - fp: 97 - fn: 137 - tn: 3021 - precision: 0.9689 - recall: 0.9566 - accuracy: 0.9281 - f1-score: 0.9627
NUM        tp: 339 - fp: 7 - fn: 3 - tn: 339 - precision: 0.9798 - recall: 0.9912 - accuracy: 0.9713 - f1-score: 0.9855
PART       tp: 312 - fp: 0 - fn: 9 - tn: 312 - precision: 1.0000 - recall: 0.9720 - accuracy: 0.9720 - f1-score: 0.9858
PRON       tp: 924 - fp: 24 - fn: 12 - tn: 924 - precision: 0.9747 - recall: 0.9872 - accuracy: 0.9625 - f1-score: 0.9809
PROPN      tp: 1290 - fp: 105 - fn: 61 - tn: 1290 - precision: 0.9247 - recall: 0.9548 - accuracy: 0.8860 - f1-score: 0.9395
PUNCT      tp: 1987 - fp: 10 - fn: 2 - tn: 1987 - precision: 0.9950 - recall: 0.9990 - accuracy: 0.9940 - f1-score: 0.9970
SCONJ      tp: 233 - fp: 19 - fn: 39 - tn: 233 - precision: 0.9246 - recall: 0.8566 - accuracy: 0.8007 - f1-score: 0.8893
SYM        tp: 21 - fp: 2 - fn: 10 - tn: 21 - precision: 0.9130 - recall: 0.6774 - accuracy: 0.6364 - f1-score: 0.7777
VERB       tp: 1520 - fp: 47 - fn: 71 - tn: 1520 - precision: 0.9700 - recall: 0.9554 - accuracy: 0.9280 - f1-score: 0.9626
X          tp: 13 - fp: 6 - fn: 20 - tn: 13 - precision: 0.6842 - recall: 0.3939 - accuracy: 0.3333 - f1-score: 0.5000
2020-04-19 13:40:55,174 ----------------------------------------------------------------------------------------------------
