2020-04-19 04:41:00,435 ----------------------------------------------------------------------------------------------------
2020-04-19 04:41:00,435 Model: "SequenceTagger(
  (embeddings): StackedEmbeddings(
    (list_embedding_0): FlairEmbeddings(
      (lm): LanguageModel(
        (drop): Dropout(p=0.25, inplace=False)
        (encoder): Embedding(275, 100)
        (rnn): LSTM(100, 1024)
        (decoder): Linear(in_features=1024, out_features=275, bias=True)
      )
    )
    (list_embedding_1): FlairEmbeddings(
      (lm): LanguageModel(
        (drop): Dropout(p=0.25, inplace=False)
        (encoder): Embedding(275, 100)
        (rnn): LSTM(100, 1024)
        (decoder): Linear(in_features=1024, out_features=275, bias=True)
      )
    )
  )
  (word_dropout): WordDropout(p=0.05)
  (locked_dropout): LockedDropout(p=0.5)
  (embedding2nn): Linear(in_features=2048, out_features=2048, bias=True)
  (rnn): LSTM(2048, 256, batch_first=True, bidirectional=True)
  (linear): Linear(in_features=512, out_features=21, bias=True)
  (beta): 1.0
  (weights): None
  (weight_tensor) None
)"
2020-04-19 04:41:00,435 ----------------------------------------------------------------------------------------------------
2020-04-19 04:41:00,435 Corpus: "Corpus: 3753 train + 890 dev + 890 test sentences"
2020-04-19 04:41:00,435 ----------------------------------------------------------------------------------------------------
2020-04-19 04:41:00,435 Parameters:
2020-04-19 04:41:00,435  - learning_rate: "1"
2020-04-19 04:41:00,435  - mini_batch_size: "32"
2020-04-19 04:41:00,435  - patience: "2"
2020-04-19 04:41:00,435  - anneal_factor: "0.5"
2020-04-19 04:41:00,435  - max_epochs: "50"
2020-04-19 04:41:00,435  - shuffle: "True"
2020-04-19 04:41:00,435  - train_with_dev: "False"
2020-04-19 04:41:00,435  - batch_growth_annealing: "False"
2020-04-19 04:41:00,436 ----------------------------------------------------------------------------------------------------
2020-04-19 04:41:00,436 Model training base path: "./"
2020-04-19 04:41:00,436 ----------------------------------------------------------------------------------------------------
2020-04-19 04:41:00,436 Device: cpu
2020-04-19 04:41:00,436 ----------------------------------------------------------------------------------------------------
2020-04-19 04:41:00,436 Embeddings storage mode: cpu
2020-04-19 04:41:00,436 ----------------------------------------------------------------------------------------------------
2020-04-19 04:41:29,808 epoch 1 - iter 11/118 - loss 19.51729376 - samples/sec: 11.99
2020-04-19 04:41:57,489 epoch 1 - iter 22/118 - loss 12.59361243 - samples/sec: 12.73
2020-04-19 04:42:35,227 epoch 1 - iter 33/118 - loss 10.16398955 - samples/sec: 9.33
2020-04-19 04:43:16,599 epoch 1 - iter 44/118 - loss 8.83800008 - samples/sec: 8.51
2020-04-19 04:43:59,574 epoch 1 - iter 55/118 - loss 8.21554184 - samples/sec: 8.19
2020-04-19 04:44:43,138 epoch 1 - iter 66/118 - loss 7.87823692 - samples/sec: 8.08
2020-04-19 04:45:30,019 epoch 1 - iter 77/118 - loss 7.46189075 - samples/sec: 7.51
2020-04-19 04:46:04,512 epoch 1 - iter 88/118 - loss 7.15632339 - samples/sec: 10.21
2020-04-19 04:46:39,221 epoch 1 - iter 99/118 - loss 7.02521293 - samples/sec: 10.15
2020-04-19 04:47:28,750 epoch 1 - iter 110/118 - loss 6.77959044 - samples/sec: 7.11
2020-04-19 04:47:59,301 ----------------------------------------------------------------------------------------------------
2020-04-19 04:47:59,302 EPOCH 1 done: loss 6.6222 - lr 1.0000
2020-04-19 04:49:42,629 DEV : loss 3.033060073852539 - score 0.9551
2020-04-19 04:50:56,159 TEST : loss 3.033060073852539 - score 0.9551
2020-04-19 04:50:56,253 BAD EPOCHS (no improvement): 0
2020-04-19 04:50:57,162 ----------------------------------------------------------------------------------------------------
2020-04-19 04:51:00,779 epoch 2 - iter 11/118 - loss 5.07422642 - samples/sec: 97.58
2020-04-19 04:51:04,964 epoch 2 - iter 22/118 - loss 5.15239111 - samples/sec: 84.53
2020-04-19 04:51:08,900 epoch 2 - iter 33/118 - loss 5.28578792 - samples/sec: 89.75
2020-04-19 04:51:13,382 epoch 2 - iter 44/118 - loss 5.08609788 - samples/sec: 78.78
2020-04-19 04:51:17,066 epoch 2 - iter 55/118 - loss 4.99754191 - samples/sec: 95.91
2020-04-19 04:51:20,203 epoch 2 - iter 66/118 - loss 4.85465169 - samples/sec: 112.82
2020-04-19 04:51:23,910 epoch 2 - iter 77/118 - loss 5.00672170 - samples/sec: 95.30
2020-04-19 04:51:27,502 epoch 2 - iter 88/118 - loss 4.98044569 - samples/sec: 98.51
2020-04-19 04:51:30,258 epoch 2 - iter 99/118 - loss 4.93624669 - samples/sec: 128.45
2020-04-19 04:51:33,384 epoch 2 - iter 110/118 - loss 4.84867438 - samples/sec: 113.07
2020-04-19 04:51:35,318 ----------------------------------------------------------------------------------------------------
2020-04-19 04:51:35,319 EPOCH 2 done: loss 4.8477 - lr 1.0000
2020-04-19 04:52:08,155 DEV : loss 5.970527648925781 - score 0.8904
2020-04-19 04:52:14,718 TEST : loss 5.970527648925781 - score 0.8904
2020-04-19 04:52:14,788 BAD EPOCHS (no improvement): 1
2020-04-19 04:52:15,005 ----------------------------------------------------------------------------------------------------
2020-04-19 04:52:18,294 epoch 3 - iter 11/118 - loss 5.17566672 - samples/sec: 107.11
2020-04-19 04:52:22,105 epoch 3 - iter 22/118 - loss 4.76501945 - samples/sec: 92.76
2020-04-19 04:52:25,234 epoch 3 - iter 33/118 - loss 4.53223939 - samples/sec: 113.14
2020-04-19 04:52:29,040 epoch 3 - iter 44/118 - loss 4.47884828 - samples/sec: 92.83
2020-04-19 04:52:32,227 epoch 3 - iter 55/118 - loss 4.52474504 - samples/sec: 110.89
2020-04-19 04:52:35,159 epoch 3 - iter 66/118 - loss 4.52503126 - samples/sec: 120.73
2020-04-19 04:52:38,327 epoch 3 - iter 77/118 - loss 4.42380741 - samples/sec: 111.74
2020-04-19 04:52:42,219 epoch 3 - iter 88/118 - loss 4.46744339 - samples/sec: 90.69
2020-04-19 04:52:45,778 epoch 3 - iter 99/118 - loss 4.45927019 - samples/sec: 99.24
2020-04-19 04:52:49,406 epoch 3 - iter 110/118 - loss 4.47530327 - samples/sec: 97.34
2020-04-19 04:52:51,463 ----------------------------------------------------------------------------------------------------
2020-04-19 04:52:51,464 EPOCH 3 done: loss 4.5646 - lr 1.0000
2020-04-19 04:53:25,359 DEV : loss 3.6352903842926025 - score 0.9443
2020-04-19 04:53:31,007 TEST : loss 3.6352903842926025 - score 0.9443
2020-04-19 04:53:31,079 BAD EPOCHS (no improvement): 2
2020-04-19 04:53:31,261 ----------------------------------------------------------------------------------------------------
2020-04-19 04:53:33,918 epoch 4 - iter 11/118 - loss 4.24053272 - samples/sec: 132.61
2020-04-19 04:53:36,730 epoch 4 - iter 22/118 - loss 4.28592662 - samples/sec: 126.02
2020-04-19 04:53:39,512 epoch 4 - iter 33/118 - loss 4.10693153 - samples/sec: 127.10
2020-04-19 04:53:43,736 epoch 4 - iter 44/118 - loss 4.14094744 - samples/sec: 83.64
2020-04-19 04:53:46,723 epoch 4 - iter 55/118 - loss 4.30016018 - samples/sec: 118.33
2020-04-19 04:53:50,055 epoch 4 - iter 66/118 - loss 4.44399035 - samples/sec: 106.15
2020-04-19 04:53:53,351 epoch 4 - iter 77/118 - loss 4.52779371 - samples/sec: 107.19
2020-04-19 04:53:56,659 epoch 4 - iter 88/118 - loss 4.50711181 - samples/sec: 106.83
2020-04-19 04:54:00,432 epoch 4 - iter 99/118 - loss 4.49313767 - samples/sec: 93.69
2020-04-19 04:54:04,775 epoch 4 - iter 110/118 - loss 4.50208801 - samples/sec: 81.34
2020-04-19 04:54:06,781 ----------------------------------------------------------------------------------------------------
2020-04-19 04:54:06,781 EPOCH 4 done: loss 4.4704 - lr 1.0000
2020-04-19 04:54:39,403 DEV : loss 3.045884847640991 - score 0.9566
2020-04-19 04:54:45,965 TEST : loss 3.045884847640991 - score 0.9566
2020-04-19 04:54:46,047 BAD EPOCHS (no improvement): 0
2020-04-19 04:54:46,476 ----------------------------------------------------------------------------------------------------
2020-04-19 04:54:50,105 epoch 5 - iter 11/118 - loss 4.14637698 - samples/sec: 97.05
2020-04-19 04:54:53,168 epoch 5 - iter 22/118 - loss 4.18369249 - samples/sec: 115.79
2020-04-19 04:54:56,156 epoch 5 - iter 33/118 - loss 4.36526214 - samples/sec: 118.34
2020-04-19 04:55:00,037 epoch 5 - iter 44/118 - loss 4.35814383 - samples/sec: 91.04
2020-04-19 04:55:03,815 epoch 5 - iter 55/118 - loss 4.35599370 - samples/sec: 93.51
2020-04-19 04:55:07,570 epoch 5 - iter 66/118 - loss 4.35311308 - samples/sec: 94.06
2020-04-19 04:55:10,839 epoch 5 - iter 77/118 - loss 4.37956394 - samples/sec: 108.14
2020-04-19 04:55:14,481 epoch 5 - iter 88/118 - loss 4.39170624 - samples/sec: 97.12
2020-04-19 04:55:17,986 epoch 5 - iter 99/118 - loss 4.39982194 - samples/sec: 101.06
2020-04-19 04:55:20,855 epoch 5 - iter 110/118 - loss 4.38966413 - samples/sec: 123.39
2020-04-19 04:55:23,310 ----------------------------------------------------------------------------------------------------
2020-04-19 04:55:23,311 EPOCH 5 done: loss 4.4419 - lr 1.0000
2020-04-19 04:55:54,617 DEV : loss 4.184690475463867 - score 0.9447
2020-04-19 04:56:00,597 TEST : loss 4.184690475463867 - score 0.9447
2020-04-19 04:56:00,711 BAD EPOCHS (no improvement): 1
2020-04-19 04:56:01,048 ----------------------------------------------------------------------------------------------------
2020-04-19 04:56:04,685 epoch 6 - iter 11/118 - loss 4.41858110 - samples/sec: 96.85
2020-04-19 04:56:08,339 epoch 6 - iter 22/118 - loss 4.28806449 - samples/sec: 96.72
2020-04-19 04:56:12,596 epoch 6 - iter 33/118 - loss 4.39025797 - samples/sec: 82.93
2020-04-19 04:56:16,003 epoch 6 - iter 44/118 - loss 4.19925183 - samples/sec: 103.73
2020-04-19 04:56:19,071 epoch 6 - iter 55/118 - loss 4.31724021 - samples/sec: 115.34
2020-04-19 04:56:22,399 epoch 6 - iter 66/118 - loss 4.45640594 - samples/sec: 106.20
2020-04-19 04:56:25,613 epoch 6 - iter 77/118 - loss 4.51682190 - samples/sec: 109.94
2020-04-19 04:56:28,354 epoch 6 - iter 88/118 - loss 4.49512411 - samples/sec: 129.10
2020-04-19 04:56:31,969 epoch 6 - iter 99/118 - loss 4.53925683 - samples/sec: 97.71
2020-04-19 04:56:35,597 epoch 6 - iter 110/118 - loss 4.51118088 - samples/sec: 97.38
2020-04-19 04:56:37,779 ----------------------------------------------------------------------------------------------------
2020-04-19 04:56:37,779 EPOCH 6 done: loss 4.5289 - lr 1.0000
2020-04-19 04:57:09,888 DEV : loss 3.1490001678466797 - score 0.9579
2020-04-19 04:57:16,418 TEST : loss 3.1490001678466797 - score 0.9579
2020-04-19 04:57:16,485 BAD EPOCHS (no improvement): 0
2020-04-19 04:57:16,919 ----------------------------------------------------------------------------------------------------
2020-04-19 04:57:20,085 epoch 7 - iter 11/118 - loss 4.39578436 - samples/sec: 111.27
2020-04-19 04:57:23,714 epoch 7 - iter 22/118 - loss 4.80260675 - samples/sec: 97.48
2020-04-19 04:57:27,036 epoch 7 - iter 33/118 - loss 4.76564247 - samples/sec: 106.40
2020-04-19 04:57:29,885 epoch 7 - iter 44/118 - loss 4.69716540 - samples/sec: 124.05
2020-04-19 04:57:33,226 epoch 7 - iter 55/118 - loss 4.56827627 - samples/sec: 105.79
2020-04-19 04:57:36,330 epoch 7 - iter 66/118 - loss 4.61476034 - samples/sec: 113.89
2020-04-19 04:57:39,370 epoch 7 - iter 77/118 - loss 4.62615693 - samples/sec: 116.29
2020-04-19 04:57:42,698 epoch 7 - iter 88/118 - loss 4.63470921 - samples/sec: 106.20
2020-04-19 04:57:46,665 epoch 7 - iter 99/118 - loss 4.59238255 - samples/sec: 89.04
2020-04-19 04:57:49,668 epoch 7 - iter 110/118 - loss 4.59907483 - samples/sec: 117.74
2020-04-19 04:57:52,347 ----------------------------------------------------------------------------------------------------
2020-04-19 04:57:52,347 EPOCH 7 done: loss 4.5891 - lr 1.0000
2020-04-19 04:58:26,255 DEV : loss 3.7060911655426025 - score 0.9477
2020-04-19 04:58:32,287 TEST : loss 3.7060911655426025 - score 0.9477
2020-04-19 04:58:32,353 BAD EPOCHS (no improvement): 1
2020-04-19 04:58:32,608 ----------------------------------------------------------------------------------------------------
2020-04-19 04:58:35,677 epoch 8 - iter 11/118 - loss 5.09181627 - samples/sec: 114.79
2020-04-19 04:58:38,706 epoch 8 - iter 22/118 - loss 4.74162258 - samples/sec: 116.70
2020-04-19 04:58:41,530 epoch 8 - iter 33/118 - loss 4.74852446 - samples/sec: 125.30
2020-04-19 04:58:44,260 epoch 8 - iter 44/118 - loss 4.57609536 - samples/sec: 129.72
2020-04-19 04:58:48,199 epoch 8 - iter 55/118 - loss 4.44871717 - samples/sec: 89.72
2020-04-19 04:58:51,576 epoch 8 - iter 66/118 - loss 4.50417605 - samples/sec: 104.63
2020-04-19 04:58:55,141 epoch 8 - iter 77/118 - loss 4.49465916 - samples/sec: 99.20
2020-04-19 04:58:58,347 epoch 8 - iter 88/118 - loss 4.51976335 - samples/sec: 110.35
2020-04-19 04:59:01,363 epoch 8 - iter 99/118 - loss 4.54280636 - samples/sec: 117.28
2020-04-19 04:59:05,223 epoch 8 - iter 110/118 - loss 4.51372711 - samples/sec: 91.59
2020-04-19 04:59:07,997 ----------------------------------------------------------------------------------------------------
2020-04-19 04:59:07,998 EPOCH 8 done: loss 4.5344 - lr 1.0000
2020-04-19 04:59:39,807 DEV : loss 4.0701584815979 - score 0.9407
2020-04-19 04:59:45,610 TEST : loss 4.0701584815979 - score 0.9407
2020-04-19 04:59:45,677 BAD EPOCHS (no improvement): 2
2020-04-19 04:59:45,945 ----------------------------------------------------------------------------------------------------
2020-04-19 04:59:50,599 epoch 9 - iter 11/118 - loss 4.97302441 - samples/sec: 75.67
2020-04-19 04:59:53,850 epoch 9 - iter 22/118 - loss 4.66510266 - samples/sec: 108.72
2020-04-19 04:59:56,640 epoch 9 - iter 33/118 - loss 4.58516604 - samples/sec: 126.68
2020-04-19 04:59:59,648 epoch 9 - iter 44/118 - loss 4.50482650 - samples/sec: 117.48
2020-04-19 05:00:06,773 epoch 9 - iter 55/118 - loss 4.57314140 - samples/sec: 49.49
2020-04-19 05:00:11,116 epoch 9 - iter 66/118 - loss 4.49989581 - samples/sec: 81.34
2020-04-19 05:00:14,714 epoch 9 - iter 77/118 - loss 4.55738121 - samples/sec: 98.44
2020-04-19 05:00:18,652 epoch 9 - iter 88/118 - loss 4.58513821 - samples/sec: 89.71
2020-04-19 05:00:21,576 epoch 9 - iter 99/118 - loss 4.56089470 - samples/sec: 120.88
2020-04-19 05:00:25,077 epoch 9 - iter 110/118 - loss 4.58809205 - samples/sec: 101.20
2020-04-19 05:00:27,288 ----------------------------------------------------------------------------------------------------
2020-04-19 05:00:27,288 EPOCH 9 done: loss 4.6216 - lr 1.0000
2020-04-19 05:00:59,427 DEV : loss 2.878782272338867 - score 0.9593
2020-04-19 05:01:06,043 TEST : loss 2.878782272338867 - score 0.9593
2020-04-19 05:01:06,161 BAD EPOCHS (no improvement): 0
2020-04-19 05:01:06,772 ----------------------------------------------------------------------------------------------------
2020-04-19 05:01:10,071 epoch 10 - iter 11/118 - loss 4.35241207 - samples/sec: 106.79
2020-04-19 05:01:13,188 epoch 10 - iter 22/118 - loss 4.41742373 - samples/sec: 113.44
2020-04-19 05:01:19,190 epoch 10 - iter 33/118 - loss 4.53430748 - samples/sec: 58.78
2020-04-19 05:01:22,307 epoch 10 - iter 44/118 - loss 4.50064417 - samples/sec: 113.50
2020-04-19 05:01:25,514 epoch 10 - iter 55/118 - loss 4.29272532 - samples/sec: 110.17
2020-04-19 05:01:28,828 epoch 10 - iter 66/118 - loss 4.25179867 - samples/sec: 106.73
2020-04-19 05:01:32,090 epoch 10 - iter 77/118 - loss 4.33338968 - samples/sec: 108.47
2020-04-19 05:01:35,619 epoch 10 - iter 88/118 - loss 4.33065266 - samples/sec: 100.18
2020-04-19 05:01:38,600 epoch 10 - iter 99/118 - loss 4.31206358 - samples/sec: 118.61
2020-04-19 05:01:42,039 epoch 10 - iter 110/118 - loss 4.35299358 - samples/sec: 102.70
2020-04-19 05:01:44,221 ----------------------------------------------------------------------------------------------------
2020-04-19 05:01:44,222 EPOCH 10 done: loss 4.3594 - lr 1.0000
2020-04-19 05:02:17,608 DEV : loss 3.5350804328918457 - score 0.9515
2020-04-19 05:02:25,524 TEST : loss 3.5350804328918457 - score 0.9515
2020-04-19 05:02:25,590 BAD EPOCHS (no improvement): 1
2020-04-19 05:02:25,848 ----------------------------------------------------------------------------------------------------
2020-04-19 05:02:28,919 epoch 11 - iter 11/118 - loss 4.53451794 - samples/sec: 114.71
2020-04-19 05:02:32,057 epoch 11 - iter 22/118 - loss 4.49297839 - samples/sec: 112.73
2020-04-19 05:02:35,109 epoch 11 - iter 33/118 - loss 4.47666476 - samples/sec: 115.97
2020-04-19 05:02:39,016 epoch 11 - iter 44/118 - loss 4.57241117 - samples/sec: 90.45
2020-04-19 05:02:42,350 epoch 11 - iter 55/118 - loss 4.63062291 - samples/sec: 106.14
2020-04-19 05:02:45,127 epoch 11 - iter 66/118 - loss 4.50936725 - samples/sec: 127.42
2020-04-19 05:02:48,103 epoch 11 - iter 77/118 - loss 4.50423772 - samples/sec: 118.81
2020-04-19 05:02:52,018 epoch 11 - iter 88/118 - loss 4.47197455 - samples/sec: 90.21
2020-04-19 05:02:55,275 epoch 11 - iter 99/118 - loss 4.53058851 - samples/sec: 108.62
2020-04-19 05:02:58,312 epoch 11 - iter 110/118 - loss 4.54081825 - samples/sec: 116.43
2020-04-19 05:03:00,465 ----------------------------------------------------------------------------------------------------
2020-04-19 05:03:00,465 EPOCH 11 done: loss 4.5446 - lr 1.0000
2020-04-19 05:03:32,212 DEV : loss 3.119356155395508 - score 0.9494
2020-04-19 05:03:38,222 TEST : loss 3.119356155395508 - score 0.9494
2020-04-19 05:03:38,294 BAD EPOCHS (no improvement): 2
2020-04-19 05:03:38,549 ----------------------------------------------------------------------------------------------------
2020-04-19 05:03:41,776 epoch 12 - iter 11/118 - loss 4.50125970 - samples/sec: 109.18
2020-04-19 05:03:45,638 epoch 12 - iter 22/118 - loss 4.39354747 - samples/sec: 91.55
2020-04-19 05:03:48,739 epoch 12 - iter 33/118 - loss 4.36905395 - samples/sec: 114.11
2020-04-19 05:03:52,849 epoch 12 - iter 44/118 - loss 4.45848466 - samples/sec: 85.92
2020-04-19 05:03:56,573 epoch 12 - iter 55/118 - loss 4.53719442 - samples/sec: 94.83
2020-04-19 05:03:59,858 epoch 12 - iter 66/118 - loss 4.56901164 - samples/sec: 107.83
2020-04-19 05:04:02,938 epoch 12 - iter 77/118 - loss 4.51802590 - samples/sec: 114.91
2020-04-19 05:04:06,394 epoch 12 - iter 88/118 - loss 4.47897461 - samples/sec: 102.26
2020-04-19 05:04:10,175 epoch 12 - iter 99/118 - loss 4.47336849 - samples/sec: 93.52
2020-04-19 05:04:13,486 epoch 12 - iter 110/118 - loss 4.48659645 - samples/sec: 106.81
2020-04-19 05:04:15,454 ----------------------------------------------------------------------------------------------------
2020-04-19 05:04:15,454 EPOCH 12 done: loss 4.4745 - lr 1.0000
2020-04-19 05:04:46,362 DEV : loss 3.3676016330718994 - score 0.9514
2020-04-19 05:04:52,791 TEST : loss 3.3676016330718994 - score 0.9514
2020-04-19 05:04:52,872 BAD EPOCHS (no improvement): 3
2020-04-19 05:04:53,125 ----------------------------------------------------------------------------------------------------
2020-04-19 05:04:56,195 epoch 13 - iter 11/118 - loss 4.15922070 - samples/sec: 114.75
2020-04-19 05:04:59,360 epoch 13 - iter 22/118 - loss 4.14182732 - samples/sec: 111.70
2020-04-19 05:05:03,102 epoch 13 - iter 33/118 - loss 4.08519190 - samples/sec: 94.39
2020-04-19 05:05:07,094 epoch 13 - iter 44/118 - loss 4.04892854 - samples/sec: 88.73
2020-04-19 05:05:10,803 epoch 13 - iter 55/118 - loss 4.06869401 - samples/sec: 95.21
2020-04-19 05:05:13,827 epoch 13 - iter 66/118 - loss 3.99940276 - samples/sec: 116.99
2020-04-19 05:05:16,888 epoch 13 - iter 77/118 - loss 3.94388636 - samples/sec: 115.62
2020-04-19 05:05:19,859 epoch 13 - iter 88/118 - loss 3.85988502 - samples/sec: 119.15
2020-04-19 05:05:23,668 epoch 13 - iter 99/118 - loss 3.89581215 - samples/sec: 92.70
2020-04-19 05:05:27,067 epoch 13 - iter 110/118 - loss 3.91212349 - samples/sec: 103.91
2020-04-19 05:05:29,311 ----------------------------------------------------------------------------------------------------
2020-04-19 05:05:29,311 EPOCH 13 done: loss 3.9157 - lr 0.5000
2020-04-19 05:06:01,115 DEV : loss 2.5001986026763916 - score 0.9625
2020-04-19 05:06:08,436 TEST : loss 2.5001986026763916 - score 0.9625
2020-04-19 05:06:08,514 BAD EPOCHS (no improvement): 0
2020-04-19 05:06:08,955 ----------------------------------------------------------------------------------------------------
2020-04-19 05:06:12,491 epoch 14 - iter 11/118 - loss 3.80356782 - samples/sec: 99.61
2020-04-19 05:06:15,809 epoch 14 - iter 22/118 - loss 3.85707664 - samples/sec: 106.52
2020-04-19 05:06:19,037 epoch 14 - iter 33/118 - loss 3.61999338 - samples/sec: 109.59
2020-04-19 05:06:22,923 epoch 14 - iter 44/118 - loss 3.62235518 - samples/sec: 90.90
2020-04-19 05:06:26,285 epoch 14 - iter 55/118 - loss 3.60510590 - samples/sec: 105.10
2020-04-19 05:06:29,931 epoch 14 - iter 66/118 - loss 3.63424234 - samples/sec: 97.00
2020-04-19 05:06:33,445 epoch 14 - iter 77/118 - loss 3.62370700 - samples/sec: 100.62
2020-04-19 05:06:36,663 epoch 14 - iter 88/118 - loss 3.68067256 - samples/sec: 109.83
2020-04-19 05:06:39,841 epoch 14 - iter 99/118 - loss 3.67305387 - samples/sec: 111.18
2020-04-19 05:06:43,099 epoch 14 - iter 110/118 - loss 3.68974163 - samples/sec: 108.43
2020-04-19 05:06:45,265 ----------------------------------------------------------------------------------------------------
2020-04-19 05:06:45,265 EPOCH 14 done: loss 3.6974 - lr 0.5000
2020-04-19 05:07:20,008 DEV : loss 2.5134778022766113 - score 0.9582
2020-04-19 05:07:26,702 TEST : loss 2.5134778022766113 - score 0.9582
2020-04-19 05:07:26,802 BAD EPOCHS (no improvement): 1
2020-04-19 05:07:27,047 ----------------------------------------------------------------------------------------------------
2020-04-19 05:07:30,316 epoch 15 - iter 11/118 - loss 3.59537441 - samples/sec: 107.77
2020-04-19 05:07:33,408 epoch 15 - iter 22/118 - loss 3.41888902 - samples/sec: 114.38
2020-04-19 05:07:36,331 epoch 15 - iter 33/118 - loss 3.50981724 - samples/sec: 120.94
2020-04-19 05:07:40,292 epoch 15 - iter 44/118 - loss 3.48074285 - samples/sec: 89.28
2020-04-19 05:07:43,682 epoch 15 - iter 55/118 - loss 3.45538328 - samples/sec: 104.20
2020-04-19 05:07:46,787 epoch 15 - iter 66/118 - loss 3.43634443 - samples/sec: 113.80
2020-04-19 05:07:50,171 epoch 15 - iter 77/118 - loss 3.47661321 - samples/sec: 104.53
2020-04-19 05:07:53,523 epoch 15 - iter 88/118 - loss 3.48014277 - samples/sec: 105.51
2020-04-19 05:07:56,667 epoch 15 - iter 99/118 - loss 3.53281239 - samples/sec: 112.38
2020-04-19 05:08:00,560 epoch 15 - iter 110/118 - loss 3.57838519 - samples/sec: 90.72
2020-04-19 05:08:02,972 ----------------------------------------------------------------------------------------------------
2020-04-19 05:08:02,973 EPOCH 15 done: loss 3.5788 - lr 0.5000
2020-04-19 05:08:34,647 DEV : loss 2.3284289836883545 - score 0.9635
2020-04-19 05:08:40,624 TEST : loss 2.3284289836883545 - score 0.9635
2020-04-19 05:08:40,702 BAD EPOCHS (no improvement): 0
2020-04-19 05:08:41,088 ----------------------------------------------------------------------------------------------------
2020-04-19 05:08:44,338 epoch 16 - iter 11/118 - loss 3.88810665 - samples/sec: 108.40
2020-04-19 05:08:47,499 epoch 16 - iter 22/118 - loss 3.73621643 - samples/sec: 111.91
2020-04-19 05:08:50,418 epoch 16 - iter 33/118 - loss 3.63097064 - samples/sec: 121.12
2020-04-19 05:08:54,694 epoch 16 - iter 44/118 - loss 3.60416056 - samples/sec: 82.56
2020-04-19 05:08:57,727 epoch 16 - iter 55/118 - loss 3.62450560 - samples/sec: 116.64
2020-04-19 05:09:01,344 epoch 16 - iter 66/118 - loss 3.55840614 - samples/sec: 97.73
2020-04-19 05:09:04,991 epoch 16 - iter 77/118 - loss 3.57885929 - samples/sec: 96.97
2020-04-19 05:09:08,703 epoch 16 - iter 88/118 - loss 3.58543341 - samples/sec: 95.19
2020-04-19 05:09:12,773 epoch 16 - iter 99/118 - loss 3.59595176 - samples/sec: 86.84
2020-04-19 05:09:16,033 epoch 16 - iter 110/118 - loss 3.52627188 - samples/sec: 108.48
2020-04-19 05:09:18,597 ----------------------------------------------------------------------------------------------------
2020-04-19 05:09:18,598 EPOCH 16 done: loss 3.5233 - lr 0.5000
2020-04-19 05:09:51,060 DEV : loss 2.353254556655884 - score 0.9621
2020-04-19 05:09:57,602 TEST : loss 2.353254556655884 - score 0.9621
2020-04-19 05:09:57,713 BAD EPOCHS (no improvement): 1
2020-04-19 05:09:58,050 ----------------------------------------------------------------------------------------------------
2020-04-19 05:10:01,799 epoch 17 - iter 11/118 - loss 3.51727156 - samples/sec: 94.00
2020-04-19 05:10:05,610 epoch 17 - iter 22/118 - loss 3.61200746 - samples/sec: 92.77
2020-04-19 05:10:08,660 epoch 17 - iter 33/118 - loss 3.44437807 - samples/sec: 116.14
2020-04-19 05:10:12,004 epoch 17 - iter 44/118 - loss 3.38757491 - samples/sec: 105.67
2020-04-19 05:10:15,088 epoch 17 - iter 55/118 - loss 3.37557550 - samples/sec: 114.66
2020-04-19 05:10:18,314 epoch 17 - iter 66/118 - loss 3.38904839 - samples/sec: 109.68
2020-04-19 05:10:21,833 epoch 17 - iter 77/118 - loss 3.40394584 - samples/sec: 100.57
2020-04-19 05:10:25,994 epoch 17 - iter 88/118 - loss 3.40398334 - samples/sec: 84.86
2020-04-19 05:10:29,360 epoch 17 - iter 99/118 - loss 3.46398442 - samples/sec: 105.11
2020-04-19 05:10:32,969 epoch 17 - iter 110/118 - loss 3.46723336 - samples/sec: 97.91
2020-04-19 05:10:34,910 ----------------------------------------------------------------------------------------------------
2020-04-19 05:10:34,911 EPOCH 17 done: loss 3.4737 - lr 0.5000
2020-04-19 05:11:08,023 DEV : loss 2.3594858646392822 - score 0.9609
2020-04-19 05:11:13,989 TEST : loss 2.3594858646392822 - score 0.9609
2020-04-19 05:11:14,059 BAD EPOCHS (no improvement): 2
2020-04-19 05:11:14,305 ----------------------------------------------------------------------------------------------------
2020-04-19 05:11:17,435 epoch 18 - iter 11/118 - loss 3.35536120 - samples/sec: 112.56
2020-04-19 05:11:20,381 epoch 18 - iter 22/118 - loss 3.64704657 - samples/sec: 119.97
2020-04-19 05:11:23,505 epoch 18 - iter 33/118 - loss 3.48206932 - samples/sec: 113.32
2020-04-19 05:11:27,057 epoch 18 - iter 44/118 - loss 3.48513895 - samples/sec: 99.52
2020-04-19 05:11:30,424 epoch 18 - iter 55/118 - loss 3.46578479 - samples/sec: 104.93
2020-04-19 05:11:33,850 epoch 18 - iter 66/118 - loss 3.48895478 - samples/sec: 103.15
2020-04-19 05:11:37,190 epoch 18 - iter 77/118 - loss 3.53730997 - samples/sec: 105.89
2020-04-19 05:11:40,268 epoch 18 - iter 88/118 - loss 3.55889464 - samples/sec: 114.84
2020-04-19 05:11:43,568 epoch 18 - iter 99/118 - loss 3.52621417 - samples/sec: 107.19
2020-04-19 05:11:47,256 epoch 18 - iter 110/118 - loss 3.49347926 - samples/sec: 95.74
2020-04-19 05:11:49,500 ----------------------------------------------------------------------------------------------------
2020-04-19 05:11:49,500 EPOCH 18 done: loss 3.4779 - lr 0.5000
2020-04-19 05:12:23,068 DEV : loss 2.616401433944702 - score 0.957
2020-04-19 05:12:29,485 TEST : loss 2.616401433944702 - score 0.957
2020-04-19 05:12:29,609 BAD EPOCHS (no improvement): 3
2020-04-19 05:12:29,891 ----------------------------------------------------------------------------------------------------
2020-04-19 05:12:33,554 epoch 19 - iter 11/118 - loss 3.41770723 - samples/sec: 96.42
2020-04-19 05:12:36,877 epoch 19 - iter 22/118 - loss 3.22751431 - samples/sec: 106.69
2020-04-19 05:12:40,020 epoch 19 - iter 33/118 - loss 3.38058201 - samples/sec: 112.46
2020-04-19 05:12:43,148 epoch 19 - iter 44/118 - loss 3.40697668 - samples/sec: 112.96
2020-04-19 05:12:46,747 epoch 19 - iter 55/118 - loss 3.39300327 - samples/sec: 98.40
2020-04-19 05:12:49,888 epoch 19 - iter 66/118 - loss 3.36250361 - samples/sec: 112.54
2020-04-19 05:12:53,110 epoch 19 - iter 77/118 - loss 3.31385192 - samples/sec: 109.79
2020-04-19 05:12:56,344 epoch 19 - iter 88/118 - loss 3.27683983 - samples/sec: 109.28
2020-04-19 05:13:00,023 epoch 19 - iter 99/118 - loss 3.27917276 - samples/sec: 95.99
2020-04-19 05:13:04,184 epoch 19 - iter 110/118 - loss 3.28955205 - samples/sec: 84.84
2020-04-19 05:13:06,273 ----------------------------------------------------------------------------------------------------
2020-04-19 05:13:06,273 EPOCH 19 done: loss 3.2638 - lr 0.2500
2020-04-19 05:13:37,452 DEV : loss 2.0928475856781006 - score 0.9637
2020-04-19 05:13:43,156 TEST : loss 2.0928475856781006 - score 0.9637
2020-04-19 05:13:43,253 BAD EPOCHS (no improvement): 0
2020-04-19 05:13:43,675 ----------------------------------------------------------------------------------------------------
2020-04-19 05:13:46,887 epoch 20 - iter 11/118 - loss 3.30395913 - samples/sec: 109.67
2020-04-19 05:13:49,979 epoch 20 - iter 22/118 - loss 3.21614829 - samples/sec: 114.62
2020-04-19 05:13:52,842 epoch 20 - iter 33/118 - loss 3.10647488 - samples/sec: 123.53
2020-04-19 05:13:56,728 epoch 20 - iter 44/118 - loss 3.14777115 - samples/sec: 90.92
2020-04-19 05:14:00,439 epoch 20 - iter 55/118 - loss 3.10524018 - samples/sec: 95.24
2020-04-19 05:14:04,085 epoch 20 - iter 66/118 - loss 3.10113591 - samples/sec: 96.91
2020-04-19 05:14:07,822 epoch 20 - iter 77/118 - loss 3.09119539 - samples/sec: 94.66
2020-04-19 05:14:11,229 epoch 20 - iter 88/118 - loss 3.14291336 - samples/sec: 103.72
2020-04-19 05:14:14,846 epoch 20 - iter 99/118 - loss 3.18879307 - samples/sec: 97.68
2020-04-19 05:14:18,490 epoch 20 - iter 110/118 - loss 3.19891112 - samples/sec: 97.03
2020-04-19 05:14:20,497 ----------------------------------------------------------------------------------------------------
2020-04-19 05:14:20,498 EPOCH 20 done: loss 3.1779 - lr 0.2500
2020-04-19 05:14:51,706 DEV : loss 2.1579995155334473 - score 0.9621
2020-04-19 05:14:57,339 TEST : loss 2.1579995155334473 - score 0.9621
2020-04-19 05:14:57,406 BAD EPOCHS (no improvement): 1
2020-04-19 05:14:57,638 ----------------------------------------------------------------------------------------------------
2020-04-19 05:15:01,582 epoch 21 - iter 11/118 - loss 2.99839598 - samples/sec: 89.31
2020-04-19 05:15:06,226 epoch 21 - iter 22/118 - loss 3.19377051 - samples/sec: 76.02
2020-04-19 05:15:09,597 epoch 21 - iter 33/118 - loss 3.21208338 - samples/sec: 104.82
2020-04-19 05:15:12,677 epoch 21 - iter 44/118 - loss 3.15914990 - samples/sec: 114.81
2020-04-19 05:15:16,005 epoch 21 - iter 55/118 - loss 3.19952815 - samples/sec: 106.17
2020-04-19 05:15:19,266 epoch 21 - iter 66/118 - loss 3.16219073 - samples/sec: 108.56
2020-04-19 05:15:22,238 epoch 21 - iter 77/118 - loss 3.16091889 - samples/sec: 118.96
2020-04-19 05:15:25,142 epoch 21 - iter 88/118 - loss 3.13042654 - samples/sec: 121.82
2020-04-19 05:15:28,583 epoch 21 - iter 99/118 - loss 3.09800693 - samples/sec: 102.69
2020-04-19 05:15:32,240 epoch 21 - iter 110/118 - loss 3.08771235 - samples/sec: 96.61
2020-04-19 05:15:34,567 ----------------------------------------------------------------------------------------------------
2020-04-19 05:15:34,567 EPOCH 21 done: loss 3.1151 - lr 0.2500
2020-04-19 05:16:09,074 DEV : loss 2.129380226135254 - score 0.9631
2020-04-19 05:16:14,910 TEST : loss 2.129380226135254 - score 0.9631
2020-04-19 05:16:14,982 BAD EPOCHS (no improvement): 2
2020-04-19 05:16:15,216 ----------------------------------------------------------------------------------------------------
2020-04-19 05:16:18,452 epoch 22 - iter 11/118 - loss 3.56179515 - samples/sec: 108.84
2020-04-19 05:16:21,369 epoch 22 - iter 22/118 - loss 3.36651830 - samples/sec: 121.58
2020-04-19 05:16:24,867 epoch 22 - iter 33/118 - loss 3.35694752 - samples/sec: 101.04
2020-04-19 05:16:28,232 epoch 22 - iter 44/118 - loss 3.38869156 - samples/sec: 105.01
2020-04-19 05:16:32,284 epoch 22 - iter 55/118 - loss 3.33846103 - samples/sec: 87.15
2020-04-19 05:16:35,555 epoch 22 - iter 66/118 - loss 3.26650123 - samples/sec: 108.15
2020-04-19 05:16:38,858 epoch 22 - iter 77/118 - loss 3.23617090 - samples/sec: 107.11
2020-04-19 05:16:41,810 epoch 22 - iter 88/118 - loss 3.15745096 - samples/sec: 119.80
2020-04-19 05:16:45,196 epoch 22 - iter 99/118 - loss 3.18667972 - samples/sec: 104.36
2020-04-19 05:16:48,887 epoch 22 - iter 110/118 - loss 3.18813902 - samples/sec: 95.69
2020-04-19 05:16:51,000 ----------------------------------------------------------------------------------------------------
2020-04-19 05:16:51,000 EPOCH 22 done: loss 3.1776 - lr 0.2500
2020-04-19 05:17:23,800 DEV : loss 2.118527412414551 - score 0.9633
2020-04-19 05:17:29,230 TEST : loss 2.118527412414551 - score 0.9633
2020-04-19 05:17:29,304 BAD EPOCHS (no improvement): 3
2020-04-19 05:17:29,545 ----------------------------------------------------------------------------------------------------
2020-04-19 05:17:33,375 epoch 23 - iter 11/118 - loss 3.11099718 - samples/sec: 91.97
2020-04-19 05:17:37,018 epoch 23 - iter 22/118 - loss 3.21340109 - samples/sec: 96.96
2020-04-19 05:17:40,087 epoch 23 - iter 33/118 - loss 3.19914001 - samples/sec: 115.19
2020-04-19 05:17:43,430 epoch 23 - iter 44/118 - loss 3.17229584 - samples/sec: 105.69
2020-04-19 05:17:46,501 epoch 23 - iter 55/118 - loss 3.22504065 - samples/sec: 115.14
2020-04-19 05:17:49,796 epoch 23 - iter 66/118 - loss 3.17303786 - samples/sec: 107.26
2020-04-19 05:17:52,752 epoch 23 - iter 77/118 - loss 3.12752410 - samples/sec: 119.56
2020-04-19 05:17:56,349 epoch 23 - iter 88/118 - loss 3.09450513 - samples/sec: 98.30
2020-04-19 05:17:59,561 epoch 23 - iter 99/118 - loss 3.09062285 - samples/sec: 110.06
2020-04-19 05:18:03,728 epoch 23 - iter 110/118 - loss 3.07004912 - samples/sec: 84.72
2020-04-19 05:18:06,342 ----------------------------------------------------------------------------------------------------
2020-04-19 05:18:06,342 EPOCH 23 done: loss 3.0703 - lr 0.1250
2020-04-19 05:18:38,751 DEV : loss 2.03642201423645 - score 0.9644
2020-04-19 05:18:44,191 TEST : loss 2.03642201423645 - score 0.9644
2020-04-19 05:18:44,360 BAD EPOCHS (no improvement): 0
2020-04-19 05:18:45,044 ----------------------------------------------------------------------------------------------------
2020-04-19 05:18:47,893 epoch 24 - iter 11/118 - loss 2.95258760 - samples/sec: 123.68
2020-04-19 05:18:51,012 epoch 24 - iter 22/118 - loss 3.07964234 - samples/sec: 113.29
2020-04-19 05:18:53,985 epoch 24 - iter 33/118 - loss 2.94016322 - samples/sec: 118.95
2020-04-19 05:18:57,540 epoch 24 - iter 44/118 - loss 3.07050391 - samples/sec: 99.42
2020-04-19 05:19:01,318 epoch 24 - iter 55/118 - loss 3.04620034 - samples/sec: 93.51
2020-04-19 05:19:04,620 epoch 24 - iter 66/118 - loss 3.03714333 - samples/sec: 106.97
2020-04-19 05:19:07,573 epoch 24 - iter 77/118 - loss 3.03386870 - samples/sec: 119.74
2020-04-19 05:19:10,689 epoch 24 - iter 88/118 - loss 3.07151866 - samples/sec: 113.53
2020-04-19 05:19:13,540 epoch 24 - iter 99/118 - loss 3.02807275 - samples/sec: 124.03
2020-04-19 05:19:16,716 epoch 24 - iter 110/118 - loss 3.00450801 - samples/sec: 111.29
2020-04-19 05:19:19,522 ----------------------------------------------------------------------------------------------------
2020-04-19 05:19:19,522 EPOCH 24 done: loss 3.0194 - lr 0.1250
2020-04-19 05:19:51,997 DEV : loss 2.0188517570495605 - score 0.9646
2020-04-19 05:19:57,994 TEST : loss 2.0188517570495605 - score 0.9646
2020-04-19 05:19:58,063 BAD EPOCHS (no improvement): 0
2020-04-19 05:19:58,491 ----------------------------------------------------------------------------------------------------
2020-04-19 05:20:03,149 epoch 25 - iter 11/118 - loss 3.03040936 - samples/sec: 75.60
2020-04-19 05:20:07,541 epoch 25 - iter 22/118 - loss 3.14358831 - samples/sec: 80.40
2020-04-19 05:20:11,546 epoch 25 - iter 33/118 - loss 3.17284196 - samples/sec: 88.26
2020-04-19 05:20:14,466 epoch 25 - iter 44/118 - loss 3.20574942 - samples/sec: 121.04
2020-04-19 05:20:17,496 epoch 25 - iter 55/118 - loss 3.10646592 - samples/sec: 116.69
2020-04-19 05:20:21,366 epoch 25 - iter 66/118 - loss 3.12337623 - samples/sec: 91.39
2020-04-19 05:20:24,174 epoch 25 - iter 77/118 - loss 3.11690975 - samples/sec: 125.95
2020-04-19 05:20:26,876 epoch 25 - iter 88/118 - loss 3.09125933 - samples/sec: 131.02
2020-04-19 05:20:29,944 epoch 25 - iter 99/118 - loss 3.08469540 - samples/sec: 115.13
2020-04-19 05:20:34,044 epoch 25 - iter 110/118 - loss 3.05318803 - samples/sec: 86.21
2020-04-19 05:20:35,988 ----------------------------------------------------------------------------------------------------
2020-04-19 05:20:35,988 EPOCH 25 done: loss 3.0750 - lr 0.1250
2020-04-19 05:21:09,699 DEV : loss 2.010641574859619 - score 0.9649
2020-04-19 05:21:15,344 TEST : loss 2.010641574859619 - score 0.9649
2020-04-19 05:21:15,457 BAD EPOCHS (no improvement): 0
2020-04-19 05:21:15,963 ----------------------------------------------------------------------------------------------------
2020-04-19 05:21:19,246 epoch 26 - iter 11/118 - loss 3.36911973 - samples/sec: 107.33
2020-04-19 05:21:22,584 epoch 26 - iter 22/118 - loss 3.13304811 - samples/sec: 105.81
2020-04-19 05:21:25,488 epoch 26 - iter 33/118 - loss 3.18797807 - samples/sec: 121.76
2020-04-19 05:21:28,436 epoch 26 - iter 44/118 - loss 3.08977518 - samples/sec: 120.06
2020-04-19 05:21:32,017 epoch 26 - iter 55/118 - loss 3.07628546 - samples/sec: 98.76
2020-04-19 05:21:35,970 epoch 26 - iter 66/118 - loss 3.15588621 - samples/sec: 89.30
2020-04-19 05:21:39,716 epoch 26 - iter 77/118 - loss 3.18295959 - samples/sec: 94.27
2020-04-19 05:21:42,603 epoch 26 - iter 88/118 - loss 3.11777530 - samples/sec: 122.50
2020-04-19 05:21:45,823 epoch 26 - iter 99/118 - loss 3.10938848 - samples/sec: 109.75
2020-04-19 05:21:48,916 epoch 26 - iter 110/118 - loss 3.06712483 - samples/sec: 114.40
2020-04-19 05:21:51,422 ----------------------------------------------------------------------------------------------------
2020-04-19 05:21:51,423 EPOCH 26 done: loss 3.0461 - lr 0.1250
2020-04-19 05:22:23,730 DEV : loss 1.9839318990707397 - score 0.9658
2020-04-19 05:22:29,337 TEST : loss 1.9839318990707397 - score 0.9658
2020-04-19 05:22:29,449 BAD EPOCHS (no improvement): 0
2020-04-19 05:22:30,048 ----------------------------------------------------------------------------------------------------
2020-04-19 05:22:34,185 epoch 27 - iter 11/118 - loss 3.02101785 - samples/sec: 85.14
2020-04-19 05:22:37,474 epoch 27 - iter 22/118 - loss 3.01343088 - samples/sec: 107.46
2020-04-19 05:22:40,704 epoch 27 - iter 33/118 - loss 3.02310752 - samples/sec: 109.39
2020-04-19 05:22:44,458 epoch 27 - iter 44/118 - loss 3.09568569 - samples/sec: 94.18
2020-04-19 05:22:47,800 epoch 27 - iter 55/118 - loss 3.05553901 - samples/sec: 105.84
2020-04-19 05:22:51,349 epoch 27 - iter 66/118 - loss 3.05948994 - samples/sec: 99.69
2020-04-19 05:22:54,575 epoch 27 - iter 77/118 - loss 3.07295806 - samples/sec: 109.68
2020-04-19 05:22:57,617 epoch 27 - iter 88/118 - loss 3.07271429 - samples/sec: 116.31
2020-04-19 05:23:01,303 epoch 27 - iter 99/118 - loss 3.05867189 - samples/sec: 95.94
2020-04-19 05:23:06,248 epoch 27 - iter 110/118 - loss 3.03934083 - samples/sec: 71.44
2020-04-19 05:23:08,085 ----------------------------------------------------------------------------------------------------
2020-04-19 05:23:08,085 EPOCH 27 done: loss 3.0273 - lr 0.1250
2020-04-19 05:23:41,608 DEV : loss 1.9633952379226685 - score 0.966
2020-04-19 05:23:47,449 TEST : loss 1.9633952379226685 - score 0.966
2020-04-19 05:23:47,521 BAD EPOCHS (no improvement): 0
2020-04-19 05:23:47,918 ----------------------------------------------------------------------------------------------------
2020-04-19 05:23:51,212 epoch 28 - iter 11/118 - loss 3.09552349 - samples/sec: 106.95
2020-04-19 05:23:54,755 epoch 28 - iter 22/118 - loss 3.10032531 - samples/sec: 99.80
2020-04-19 05:23:58,357 epoch 28 - iter 33/118 - loss 3.03172893 - samples/sec: 98.19
2020-04-19 05:24:02,058 epoch 28 - iter 44/118 - loss 3.05332217 - samples/sec: 95.45
2020-04-19 05:24:06,339 epoch 28 - iter 55/118 - loss 2.97536458 - samples/sec: 82.55
2020-04-19 05:24:09,457 epoch 28 - iter 66/118 - loss 2.98359641 - samples/sec: 113.42
2020-04-19 05:24:13,009 epoch 28 - iter 77/118 - loss 2.92031809 - samples/sec: 99.46
2020-04-19 05:24:16,278 epoch 28 - iter 88/118 - loss 2.96487706 - samples/sec: 108.24
2020-04-19 05:24:19,394 epoch 28 - iter 99/118 - loss 2.98948466 - samples/sec: 113.57
2020-04-19 05:24:22,892 epoch 28 - iter 110/118 - loss 3.00938746 - samples/sec: 101.13
2020-04-19 05:24:24,938 ----------------------------------------------------------------------------------------------------
2020-04-19 05:24:24,939 EPOCH 28 done: loss 2.9961 - lr 0.1250
2020-04-19 05:24:58,022 DEV : loss 1.9849153757095337 - score 0.9645
2020-04-19 05:25:04,999 TEST : loss 1.9849153757095337 - score 0.9645
2020-04-19 05:25:05,099 BAD EPOCHS (no improvement): 1
2020-04-19 05:25:05,421 ----------------------------------------------------------------------------------------------------
2020-04-19 05:25:09,698 epoch 29 - iter 11/118 - loss 2.77245386 - samples/sec: 82.38
2020-04-19 05:25:12,978 epoch 29 - iter 22/118 - loss 2.96128914 - samples/sec: 107.75
2020-04-19 05:25:16,308 epoch 29 - iter 33/118 - loss 2.96352372 - samples/sec: 106.11
2020-04-19 05:25:19,077 epoch 29 - iter 44/118 - loss 2.90087325 - samples/sec: 127.68
2020-04-19 05:25:22,444 epoch 29 - iter 55/118 - loss 2.92418743 - samples/sec: 105.01
2020-04-19 05:25:25,867 epoch 29 - iter 66/118 - loss 2.90154710 - samples/sec: 103.20
2020-04-19 05:25:28,900 epoch 29 - iter 77/118 - loss 2.96521174 - samples/sec: 116.54
2020-04-19 05:25:32,082 epoch 29 - iter 88/118 - loss 2.99415478 - samples/sec: 111.06
2020-04-19 05:25:35,149 epoch 29 - iter 99/118 - loss 3.03300543 - samples/sec: 115.39
2020-04-19 05:25:39,311 epoch 29 - iter 110/118 - loss 3.02448590 - samples/sec: 84.86
2020-04-19 05:25:41,863 ----------------------------------------------------------------------------------------------------
2020-04-19 05:25:41,863 EPOCH 29 done: loss 3.0338 - lr 0.1250
2020-04-19 05:26:14,505 DEV : loss 1.9787092208862305 - score 0.9643
2020-04-19 05:26:20,391 TEST : loss 1.9787092208862305 - score 0.9643
2020-04-19 05:26:20,462 BAD EPOCHS (no improvement): 2
2020-04-19 05:26:20,711 ----------------------------------------------------------------------------------------------------
2020-04-19 05:26:23,415 epoch 30 - iter 11/118 - loss 2.81811588 - samples/sec: 130.30
2020-04-19 05:26:27,068 epoch 30 - iter 22/118 - loss 2.95196341 - samples/sec: 96.80
2020-04-19 05:26:29,951 epoch 30 - iter 33/118 - loss 2.99153909 - samples/sec: 122.82
2020-04-19 05:26:33,671 epoch 30 - iter 44/118 - loss 3.08555189 - samples/sec: 94.93
2020-04-19 05:26:37,487 epoch 30 - iter 55/118 - loss 3.12709328 - samples/sec: 92.57
2020-04-19 05:26:40,687 epoch 30 - iter 66/118 - loss 3.08174865 - samples/sec: 110.56
2020-04-19 05:26:44,413 epoch 30 - iter 77/118 - loss 3.05646586 - samples/sec: 94.84
2020-04-19 05:26:48,047 epoch 30 - iter 88/118 - loss 3.09017036 - samples/sec: 97.43
2020-04-19 05:26:51,658 epoch 30 - iter 99/118 - loss 3.07072554 - samples/sec: 97.81
2020-04-19 05:26:55,286 epoch 30 - iter 110/118 - loss 3.06433703 - samples/sec: 97.35
2020-04-19 05:26:57,743 ----------------------------------------------------------------------------------------------------
2020-04-19 05:26:57,743 EPOCH 30 done: loss 3.0696 - lr 0.1250
2020-04-19 05:27:31,743 DEV : loss 1.9648597240447998 - score 0.9643
2020-04-19 05:27:38,299 TEST : loss 1.9648597240447998 - score 0.9643
2020-04-19 05:27:38,378 BAD EPOCHS (no improvement): 3
2020-04-19 05:27:38,666 ----------------------------------------------------------------------------------------------------
2020-04-19 05:27:42,066 epoch 31 - iter 11/118 - loss 2.90374968 - samples/sec: 103.60
2020-04-19 05:27:45,058 epoch 31 - iter 22/118 - loss 2.71991059 - samples/sec: 118.23
2020-04-19 05:27:48,587 epoch 31 - iter 33/118 - loss 2.78052745 - samples/sec: 100.09
2020-04-19 05:27:51,799 epoch 31 - iter 44/118 - loss 2.91468699 - samples/sec: 110.18
2020-04-19 05:27:54,669 epoch 31 - iter 55/118 - loss 2.87996785 - samples/sec: 123.38
2020-04-19 05:27:58,250 epoch 31 - iter 66/118 - loss 2.88851259 - samples/sec: 98.72
2020-04-19 05:28:02,206 epoch 31 - iter 77/118 - loss 2.89249609 - samples/sec: 89.24
2020-04-19 05:28:05,664 epoch 31 - iter 88/118 - loss 2.94219111 - samples/sec: 102.39
2020-04-19 05:28:09,943 epoch 31 - iter 99/118 - loss 2.94826359 - samples/sec: 82.57
2020-04-19 05:28:13,977 epoch 31 - iter 110/118 - loss 2.94733570 - samples/sec: 87.62
2020-04-19 05:28:15,996 ----------------------------------------------------------------------------------------------------
2020-04-19 05:28:15,996 EPOCH 31 done: loss 2.9351 - lr 0.0625
2020-04-19 05:28:47,442 DEV : loss 1.9575029611587524 - score 0.965
2020-04-19 05:28:52,646 TEST : loss 1.9575029611587524 - score 0.965
2020-04-19 05:28:52,712 BAD EPOCHS (no improvement): 1
2020-04-19 05:28:52,939 ----------------------------------------------------------------------------------------------------
2020-04-19 05:28:56,223 epoch 32 - iter 11/118 - loss 2.93322097 - samples/sec: 107.26
2020-04-19 05:28:59,937 epoch 32 - iter 22/118 - loss 2.93335052 - samples/sec: 95.14
2020-04-19 05:29:03,212 epoch 32 - iter 33/118 - loss 2.85500230 - samples/sec: 107.89
2020-04-19 05:29:06,869 epoch 32 - iter 44/118 - loss 2.89936153 - samples/sec: 96.74
2020-04-19 05:29:10,516 epoch 32 - iter 55/118 - loss 2.91392357 - samples/sec: 97.16
2020-04-19 05:29:14,022 epoch 32 - iter 66/118 - loss 2.89144372 - samples/sec: 100.78
2020-04-19 05:29:17,341 epoch 32 - iter 77/118 - loss 2.88798605 - samples/sec: 106.42
2020-04-19 05:29:21,025 epoch 32 - iter 88/118 - loss 2.92842238 - samples/sec: 95.97
2020-04-19 05:29:24,039 epoch 32 - iter 99/118 - loss 2.92370917 - samples/sec: 117.46
2020-04-19 05:29:27,406 epoch 32 - iter 110/118 - loss 2.96159329 - samples/sec: 105.05
2020-04-19 05:29:29,977 ----------------------------------------------------------------------------------------------------
2020-04-19 05:29:29,977 EPOCH 32 done: loss 2.9595 - lr 0.0625
2020-04-19 05:30:04,066 DEV : loss 1.9706684350967407 - score 0.9663
2020-04-19 05:30:11,730 TEST : loss 1.9706684350967407 - score 0.9663
2020-04-19 05:30:11,801 BAD EPOCHS (no improvement): 0
2020-04-19 05:30:12,222 ----------------------------------------------------------------------------------------------------
2020-04-19 05:30:15,735 epoch 33 - iter 11/118 - loss 3.02093900 - samples/sec: 100.29
2020-04-19 05:30:18,587 epoch 33 - iter 22/118 - loss 2.81706462 - samples/sec: 124.01
2020-04-19 05:30:21,369 epoch 33 - iter 33/118 - loss 2.82814435 - samples/sec: 127.26
2020-04-19 05:30:24,775 epoch 33 - iter 44/118 - loss 2.91904942 - samples/sec: 103.82
2020-04-19 05:30:28,387 epoch 33 - iter 55/118 - loss 2.88032204 - samples/sec: 97.91
2020-04-19 05:30:31,968 epoch 33 - iter 66/118 - loss 2.96054416 - samples/sec: 98.73
2020-04-19 05:30:35,442 epoch 33 - iter 77/118 - loss 2.93393782 - samples/sec: 101.74
2020-04-19 05:30:38,710 epoch 33 - iter 88/118 - loss 2.97603393 - samples/sec: 108.10
2020-04-19 05:30:42,984 epoch 33 - iter 99/118 - loss 2.99199816 - samples/sec: 82.70
2020-04-19 05:30:46,756 epoch 33 - iter 110/118 - loss 2.98202573 - samples/sec: 93.68
2020-04-19 05:30:48,805 ----------------------------------------------------------------------------------------------------
2020-04-19 05:30:48,805 EPOCH 33 done: loss 2.9621 - lr 0.0625
2020-04-19 05:31:22,713 DEV : loss 1.9518553018569946 - score 0.966
2020-04-19 05:31:28,979 TEST : loss 1.9518553018569946 - score 0.966
2020-04-19 05:31:29,093 BAD EPOCHS (no improvement): 1
2020-04-19 05:31:29,433 ----------------------------------------------------------------------------------------------------
2020-04-19 05:31:32,201 epoch 34 - iter 11/118 - loss 3.26286821 - samples/sec: 127.34
2020-04-19 05:31:34,815 epoch 34 - iter 22/118 - loss 3.06800160 - samples/sec: 135.31
2020-04-19 05:31:38,200 epoch 34 - iter 33/118 - loss 3.01140879 - samples/sec: 104.38
2020-04-19 05:31:41,750 epoch 34 - iter 44/118 - loss 2.94259232 - samples/sec: 99.55
2020-04-19 05:31:45,069 epoch 34 - iter 55/118 - loss 2.93447844 - samples/sec: 106.44
2020-04-19 05:31:48,220 epoch 34 - iter 66/118 - loss 2.90185502 - samples/sec: 112.25
2020-04-19 05:31:51,338 epoch 34 - iter 77/118 - loss 2.89980451 - samples/sec: 113.35
2020-04-19 05:31:54,975 epoch 34 - iter 88/118 - loss 2.91955072 - samples/sec: 97.15
2020-04-19 05:31:58,261 epoch 34 - iter 99/118 - loss 2.93659300 - samples/sec: 107.67
2020-04-19 05:32:02,292 epoch 34 - iter 110/118 - loss 2.93896391 - samples/sec: 87.70
2020-04-19 05:32:05,189 ----------------------------------------------------------------------------------------------------
2020-04-19 05:32:05,189 EPOCH 34 done: loss 2.9363 - lr 0.0625
2020-04-19 05:32:38,183 DEV : loss 1.969407081604004 - score 0.9651
2020-04-19 05:32:44,704 TEST : loss 1.969407081604004 - score 0.9651
2020-04-19 05:32:44,774 BAD EPOCHS (no improvement): 2
2020-04-19 05:32:45,026 ----------------------------------------------------------------------------------------------------
2020-04-19 05:32:48,113 epoch 35 - iter 11/118 - loss 2.96118643 - samples/sec: 114.11
2020-04-19 05:32:50,961 epoch 35 - iter 22/118 - loss 3.12000209 - samples/sec: 124.34
2020-04-19 05:32:54,127 epoch 35 - iter 33/118 - loss 3.12748998 - samples/sec: 111.65
2020-04-19 05:32:57,309 epoch 35 - iter 44/118 - loss 3.01878349 - samples/sec: 111.16
2020-04-19 05:33:01,157 epoch 35 - iter 55/118 - loss 2.97739307 - samples/sec: 91.88
2020-04-19 05:33:04,732 epoch 35 - iter 66/118 - loss 2.99287567 - samples/sec: 98.81
2020-04-19 05:33:08,898 epoch 35 - iter 77/118 - loss 3.01616195 - samples/sec: 84.87
2020-04-19 05:33:12,171 epoch 35 - iter 88/118 - loss 2.98864343 - samples/sec: 108.00
2020-04-19 05:33:15,694 epoch 35 - iter 99/118 - loss 2.99797191 - samples/sec: 100.27
2020-04-19 05:33:19,244 epoch 35 - iter 110/118 - loss 2.96282222 - samples/sec: 99.48
2020-04-19 05:33:21,095 ----------------------------------------------------------------------------------------------------
2020-04-19 05:33:21,095 EPOCH 35 done: loss 2.9341 - lr 0.0625
2020-04-19 05:33:53,526 DEV : loss 1.9554752111434937 - score 0.9655
2020-04-19 05:33:59,206 TEST : loss 1.9554752111434937 - score 0.9655
2020-04-19 05:33:59,326 BAD EPOCHS (no improvement): 3
2020-04-19 05:33:59,672 ----------------------------------------------------------------------------------------------------
2020-04-19 05:34:04,166 epoch 36 - iter 11/118 - loss 3.44713972 - samples/sec: 78.38
2020-04-19 05:34:07,532 epoch 36 - iter 22/118 - loss 3.26213548 - samples/sec: 104.98
2020-04-19 05:34:10,620 epoch 36 - iter 33/118 - loss 3.07942880 - samples/sec: 114.58
2020-04-19 05:34:13,814 epoch 36 - iter 44/118 - loss 2.95938692 - samples/sec: 110.70
2020-04-19 05:34:17,579 epoch 36 - iter 55/118 - loss 2.97166396 - samples/sec: 93.80
2020-04-19 05:34:20,680 epoch 36 - iter 66/118 - loss 2.95373250 - samples/sec: 114.13
2020-04-19 05:34:23,822 epoch 36 - iter 77/118 - loss 2.90568672 - samples/sec: 112.49
2020-04-19 05:34:27,252 epoch 36 - iter 88/118 - loss 2.90267522 - samples/sec: 102.99
2020-04-19 05:34:30,567 epoch 36 - iter 99/118 - loss 2.92483576 - samples/sec: 106.60
2020-04-19 05:34:33,406 epoch 36 - iter 110/118 - loss 2.90627826 - samples/sec: 124.55
2020-04-19 05:34:35,124 ----------------------------------------------------------------------------------------------------
2020-04-19 05:34:35,124 EPOCH 36 done: loss 2.9283 - lr 0.0312
2020-04-19 05:35:08,293 DEV : loss 1.9658641815185547 - score 0.9652
2020-04-19 05:35:14,869 TEST : loss 1.9658641815185547 - score 0.9652
2020-04-19 05:35:14,954 BAD EPOCHS (no improvement): 1
2020-04-19 05:35:15,175 ----------------------------------------------------------------------------------------------------
2020-04-19 05:35:18,760 epoch 37 - iter 11/118 - loss 2.91228470 - samples/sec: 98.28
2020-04-19 05:35:22,056 epoch 37 - iter 22/118 - loss 2.92343382 - samples/sec: 107.31
2020-04-19 05:35:25,395 epoch 37 - iter 33/118 - loss 2.91935652 - samples/sec: 105.83
2020-04-19 05:35:28,824 epoch 37 - iter 44/118 - loss 2.99624913 - samples/sec: 103.04
2020-04-19 05:35:32,214 epoch 37 - iter 55/118 - loss 2.91290109 - samples/sec: 104.24
2020-04-19 05:35:35,663 epoch 37 - iter 66/118 - loss 2.95466509 - samples/sec: 102.55
2020-04-19 05:35:39,000 epoch 37 - iter 77/118 - loss 2.92973971 - samples/sec: 106.04
2020-04-19 05:35:42,517 epoch 37 - iter 88/118 - loss 2.97377706 - samples/sec: 100.48
2020-04-19 05:35:46,296 epoch 37 - iter 99/118 - loss 2.95467252 - samples/sec: 93.45
2020-04-19 05:35:49,736 epoch 37 - iter 110/118 - loss 2.93809889 - samples/sec: 102.78
2020-04-19 05:35:51,679 ----------------------------------------------------------------------------------------------------
2020-04-19 05:35:51,679 EPOCH 37 done: loss 2.9496 - lr 0.0312
2020-04-19 05:36:23,683 DEV : loss 1.9665974378585815 - score 0.9652
2020-04-19 05:36:29,348 TEST : loss 1.9665974378585815 - score 0.9652
2020-04-19 05:36:29,461 BAD EPOCHS (no improvement): 2
2020-04-19 05:36:29,700 ----------------------------------------------------------------------------------------------------
2020-04-19 05:36:32,946 epoch 38 - iter 11/118 - loss 2.55594377 - samples/sec: 108.54
2020-04-19 05:36:35,660 epoch 38 - iter 22/118 - loss 2.70865620 - samples/sec: 130.51
2020-04-19 05:36:39,193 epoch 38 - iter 33/118 - loss 2.81068448 - samples/sec: 99.99
2020-04-19 05:36:42,194 epoch 38 - iter 44/118 - loss 2.87955106 - samples/sec: 117.82
2020-04-19 05:36:46,202 epoch 38 - iter 55/118 - loss 2.82494163 - samples/sec: 88.11
2020-04-19 05:36:50,519 epoch 38 - iter 66/118 - loss 2.85624934 - samples/sec: 81.82
2020-04-19 05:36:53,747 epoch 38 - iter 77/118 - loss 2.91297446 - samples/sec: 109.46
2020-04-19 05:36:56,957 epoch 38 - iter 88/118 - loss 2.95441095 - samples/sec: 110.17
2020-04-19 05:37:00,373 epoch 38 - iter 99/118 - loss 2.95169707 - samples/sec: 103.56
2020-04-19 05:37:05,079 epoch 38 - iter 110/118 - loss 2.94993470 - samples/sec: 75.00
2020-04-19 05:37:07,846 ----------------------------------------------------------------------------------------------------
2020-04-19 05:37:07,846 EPOCH 38 done: loss 2.9649 - lr 0.0312
2020-04-19 05:37:40,744 DEV : loss 1.953481674194336 - score 0.9653
2020-04-19 05:37:47,236 TEST : loss 1.953481674194336 - score 0.9653
2020-04-19 05:37:47,302 BAD EPOCHS (no improvement): 3
2020-04-19 05:37:47,561 ----------------------------------------------------------------------------------------------------
2020-04-19 05:37:51,222 epoch 39 - iter 11/118 - loss 3.05478087 - samples/sec: 96.22
2020-04-19 05:37:54,929 epoch 39 - iter 22/118 - loss 3.04214484 - samples/sec: 95.28
2020-04-19 05:37:58,394 epoch 39 - iter 33/118 - loss 2.98445922 - samples/sec: 102.06
2020-04-19 05:38:01,230 epoch 39 - iter 44/118 - loss 3.01104999 - samples/sec: 124.67
2020-04-19 05:38:06,464 epoch 39 - iter 55/118 - loss 2.96182596 - samples/sec: 67.40
2020-04-19 05:38:10,297 epoch 39 - iter 66/118 - loss 2.93245208 - samples/sec: 92.16
2020-04-19 05:38:13,638 epoch 39 - iter 77/118 - loss 2.88867364 - samples/sec: 105.73
2020-04-19 05:38:18,586 epoch 39 - iter 88/118 - loss 2.85951435 - samples/sec: 71.42
2020-04-19 05:38:22,127 epoch 39 - iter 99/118 - loss 2.87817675 - samples/sec: 99.89
2020-04-19 05:38:25,006 epoch 39 - iter 110/118 - loss 2.89828270 - samples/sec: 122.83
2020-04-19 05:38:27,856 ----------------------------------------------------------------------------------------------------
2020-04-19 05:38:27,856 EPOCH 39 done: loss 2.9422 - lr 0.0156
2020-04-19 05:39:00,539 DEV : loss 1.956978440284729 - score 0.9654
2020-04-19 05:39:07,576 TEST : loss 1.956978440284729 - score 0.9654
2020-04-19 05:39:07,662 BAD EPOCHS (no improvement): 1
2020-04-19 05:39:07,960 ----------------------------------------------------------------------------------------------------
2020-04-19 05:39:11,233 epoch 40 - iter 11/118 - loss 2.79136789 - samples/sec: 107.65
2020-04-19 05:39:14,585 epoch 40 - iter 22/118 - loss 2.89059215 - samples/sec: 105.51
2020-04-19 05:39:18,648 epoch 40 - iter 33/118 - loss 2.92906240 - samples/sec: 86.99
2020-04-19 05:39:22,876 epoch 40 - iter 44/118 - loss 2.88702860 - samples/sec: 83.50
2020-04-19 05:39:25,888 epoch 40 - iter 55/118 - loss 2.89006455 - samples/sec: 117.38
2020-04-19 05:39:28,768 epoch 40 - iter 66/118 - loss 2.91726862 - samples/sec: 122.76
2020-04-19 05:39:32,085 epoch 40 - iter 77/118 - loss 2.94148340 - samples/sec: 106.57
2020-04-19 05:39:35,080 epoch 40 - iter 88/118 - loss 2.92950387 - samples/sec: 118.08
2020-04-19 05:39:38,154 epoch 40 - iter 99/118 - loss 2.93808148 - samples/sec: 115.02
2020-04-19 05:39:41,124 epoch 40 - iter 110/118 - loss 2.92315087 - samples/sec: 119.00
2020-04-19 05:39:43,434 ----------------------------------------------------------------------------------------------------
2020-04-19 05:39:43,435 EPOCH 40 done: loss 2.9351 - lr 0.0156
2020-04-19 05:40:17,746 DEV : loss 1.9597547054290771 - score 0.9654
2020-04-19 05:40:24,100 TEST : loss 1.9597547054290771 - score 0.9654
2020-04-19 05:40:24,208 BAD EPOCHS (no improvement): 2
2020-04-19 05:40:24,518 ----------------------------------------------------------------------------------------------------
2020-04-19 05:40:27,853 epoch 41 - iter 11/118 - loss 2.76804302 - samples/sec: 105.64
2020-04-19 05:40:30,905 epoch 41 - iter 22/118 - loss 2.98362362 - samples/sec: 115.91
2020-04-19 05:40:34,010 epoch 41 - iter 33/118 - loss 2.93400564 - samples/sec: 113.84
2020-04-19 05:40:37,821 epoch 41 - iter 44/118 - loss 3.01718864 - samples/sec: 92.66
2020-04-19 05:40:41,273 epoch 41 - iter 55/118 - loss 3.01206723 - samples/sec: 102.44
2020-04-19 05:40:44,719 epoch 41 - iter 66/118 - loss 3.06071870 - samples/sec: 102.50
2020-04-19 05:40:48,967 epoch 41 - iter 77/118 - loss 3.01415963 - samples/sec: 83.34
2020-04-19 05:40:52,246 epoch 41 - iter 88/118 - loss 3.01536737 - samples/sec: 107.89
2020-04-19 05:40:55,537 epoch 41 - iter 99/118 - loss 2.96621153 - samples/sec: 107.55
2020-04-19 05:40:58,780 epoch 41 - iter 110/118 - loss 2.95073795 - samples/sec: 109.09
2020-04-19 05:41:01,027 ----------------------------------------------------------------------------------------------------
2020-04-19 05:41:01,027 EPOCH 41 done: loss 2.9272 - lr 0.0156
2020-04-19 05:41:34,389 DEV : loss 1.957625150680542 - score 0.9652
2020-04-19 05:41:40,614 TEST : loss 1.957625150680542 - score 0.9652
2020-04-19 05:41:40,681 BAD EPOCHS (no improvement): 3
2020-04-19 05:41:40,928 ----------------------------------------------------------------------------------------------------
2020-04-19 05:41:44,247 epoch 42 - iter 11/118 - loss 2.71977094 - samples/sec: 106.12
2020-04-19 05:41:48,011 epoch 42 - iter 22/118 - loss 2.76192144 - samples/sec: 93.85
2020-04-19 05:41:51,602 epoch 42 - iter 33/118 - loss 2.78330236 - samples/sec: 98.47
2020-04-19 05:41:54,658 epoch 42 - iter 44/118 - loss 2.77258269 - samples/sec: 115.75
2020-04-19 05:41:58,146 epoch 42 - iter 55/118 - loss 2.69550580 - samples/sec: 101.28
2020-04-19 05:42:01,065 epoch 42 - iter 66/118 - loss 2.73350847 - samples/sec: 121.28
2020-04-19 05:42:05,640 epoch 42 - iter 77/118 - loss 2.78488719 - samples/sec: 77.15
2020-04-19 05:42:09,956 epoch 42 - iter 88/118 - loss 2.81471222 - samples/sec: 81.86
2020-04-19 05:42:13,382 epoch 42 - iter 99/118 - loss 2.87366793 - samples/sec: 103.10
2020-04-19 05:42:16,875 epoch 42 - iter 110/118 - loss 2.87546410 - samples/sec: 101.24
2020-04-19 05:42:20,068 ----------------------------------------------------------------------------------------------------
2020-04-19 05:42:20,068 EPOCH 42 done: loss 2.8727 - lr 0.0078
2020-04-19 05:42:54,042 DEV : loss 1.9576166868209839 - score 0.9656
2020-04-19 05:42:59,680 TEST : loss 1.9576166868209839 - score 0.9656
2020-04-19 05:42:59,753 BAD EPOCHS (no improvement): 1
2020-04-19 05:43:00,000 ----------------------------------------------------------------------------------------------------
2020-04-19 05:43:03,674 epoch 43 - iter 11/118 - loss 3.09473452 - samples/sec: 95.89
2020-04-19 05:43:06,825 epoch 43 - iter 22/118 - loss 2.87758373 - samples/sec: 112.28
2020-04-19 05:43:10,127 epoch 43 - iter 33/118 - loss 2.78558065 - samples/sec: 107.09
2020-04-19 05:43:13,557 epoch 43 - iter 44/118 - loss 2.78285315 - samples/sec: 103.21
2020-04-19 05:43:16,402 epoch 43 - iter 55/118 - loss 2.78329616 - samples/sec: 124.36
2020-04-19 05:43:20,530 epoch 43 - iter 66/118 - loss 2.86051138 - samples/sec: 85.54
2020-04-19 05:43:23,440 epoch 43 - iter 77/118 - loss 2.84176139 - samples/sec: 121.66
2020-04-19 05:43:27,251 epoch 43 - iter 88/118 - loss 2.85439013 - samples/sec: 92.73
2020-04-19 05:43:30,484 epoch 43 - iter 99/118 - loss 2.86102269 - samples/sec: 109.46
2020-04-19 05:43:33,857 epoch 43 - iter 110/118 - loss 2.86156389 - samples/sec: 104.78
2020-04-19 05:43:35,992 ----------------------------------------------------------------------------------------------------
2020-04-19 05:43:35,992 EPOCH 43 done: loss 2.8981 - lr 0.0078
2020-04-19 05:44:10,279 DEV : loss 1.9549015760421753 - score 0.9655
2020-04-19 05:44:16,001 TEST : loss 1.9549015760421753 - score 0.9655
2020-04-19 05:44:16,075 BAD EPOCHS (no improvement): 2
2020-04-19 05:44:16,325 ----------------------------------------------------------------------------------------------------
2020-04-19 05:44:20,050 epoch 44 - iter 11/118 - loss 2.93245912 - samples/sec: 94.55
2020-04-19 05:44:23,397 epoch 44 - iter 22/118 - loss 2.79247280 - samples/sec: 105.66
2020-04-19 05:44:26,810 epoch 44 - iter 33/118 - loss 2.82728110 - samples/sec: 103.56
2020-04-19 05:44:30,305 epoch 44 - iter 44/118 - loss 2.84815470 - samples/sec: 101.19
2020-04-19 05:44:33,302 epoch 44 - iter 55/118 - loss 2.85339671 - samples/sec: 118.12
2020-04-19 05:44:36,748 epoch 44 - iter 66/118 - loss 2.86349524 - samples/sec: 102.50
2020-04-19 05:44:40,317 epoch 44 - iter 77/118 - loss 2.88919750 - samples/sec: 98.98
2020-04-19 05:44:43,465 epoch 44 - iter 88/118 - loss 2.89936938 - samples/sec: 112.23
2020-04-19 05:44:47,110 epoch 44 - iter 99/118 - loss 2.90221371 - samples/sec: 96.92
2020-04-19 05:44:51,028 epoch 44 - iter 110/118 - loss 2.94171799 - samples/sec: 90.13
2020-04-19 05:44:53,727 ----------------------------------------------------------------------------------------------------
2020-04-19 05:44:53,727 EPOCH 44 done: loss 2.9324 - lr 0.0078
2020-04-19 05:45:27,366 DEV : loss 1.954646348953247 - score 0.9655
2020-04-19 05:45:32,809 TEST : loss 1.954646348953247 - score 0.9655
2020-04-19 05:45:32,876 BAD EPOCHS (no improvement): 3
2020-04-19 05:45:33,164 ----------------------------------------------------------------------------------------------------
2020-04-19 05:45:35,739 epoch 45 - iter 11/118 - loss 2.75924037 - samples/sec: 136.81
2020-04-19 05:45:38,775 epoch 45 - iter 22/118 - loss 2.71460215 - samples/sec: 116.59
2020-04-19 05:45:42,599 epoch 45 - iter 33/118 - loss 2.76221731 - samples/sec: 92.35
2020-04-19 05:45:46,479 epoch 45 - iter 44/118 - loss 2.79115109 - samples/sec: 91.01
2020-04-19 05:45:50,609 epoch 45 - iter 55/118 - loss 2.86473699 - samples/sec: 85.55
2020-04-19 05:45:54,408 epoch 45 - iter 66/118 - loss 2.93136901 - samples/sec: 93.19
2020-04-19 05:45:57,349 epoch 45 - iter 77/118 - loss 2.93418974 - samples/sec: 120.28
2020-04-19 05:46:00,452 epoch 45 - iter 88/118 - loss 2.93599596 - samples/sec: 113.91
2020-04-19 05:46:03,866 epoch 45 - iter 99/118 - loss 2.93689825 - samples/sec: 103.52
2020-04-19 05:46:07,325 epoch 45 - iter 110/118 - loss 2.95433190 - samples/sec: 102.16
2020-04-19 05:46:09,767 ----------------------------------------------------------------------------------------------------
2020-04-19 05:46:09,767 EPOCH 45 done: loss 2.9627 - lr 0.0039
2020-04-19 05:46:41,342 DEV : loss 1.9538239240646362 - score 0.9655
2020-04-19 05:46:47,019 TEST : loss 1.9538239240646362 - score 0.9655
2020-04-19 05:46:47,130 BAD EPOCHS (no improvement): 1
2020-04-19 05:46:47,384 ----------------------------------------------------------------------------------------------------
2020-04-19 05:46:50,645 epoch 46 - iter 11/118 - loss 2.86244226 - samples/sec: 108.00
2020-04-19 05:46:54,990 epoch 46 - iter 22/118 - loss 2.88112162 - samples/sec: 81.24
2020-04-19 05:46:58,182 epoch 46 - iter 33/118 - loss 2.79635298 - samples/sec: 110.87
2020-04-19 05:47:01,328 epoch 46 - iter 44/118 - loss 2.84452314 - samples/sec: 112.34
2020-04-19 05:47:04,657 epoch 46 - iter 55/118 - loss 2.88726211 - samples/sec: 106.24
2020-04-19 05:47:07,538 epoch 46 - iter 66/118 - loss 2.85324435 - samples/sec: 122.77
2020-04-19 05:47:10,870 epoch 46 - iter 77/118 - loss 2.86539999 - samples/sec: 106.15
2020-04-19 05:47:14,800 epoch 46 - iter 88/118 - loss 2.91439269 - samples/sec: 89.93
2020-04-19 05:47:18,300 epoch 46 - iter 99/118 - loss 2.92106017 - samples/sec: 100.96
2020-04-19 05:47:22,230 epoch 46 - iter 110/118 - loss 2.89411597 - samples/sec: 89.87
2020-04-19 05:47:24,384 ----------------------------------------------------------------------------------------------------
2020-04-19 05:47:24,384 EPOCH 46 done: loss 2.8748 - lr 0.0039
2020-04-19 05:47:58,862 DEV : loss 1.9542357921600342 - score 0.9653
2020-04-19 05:48:05,611 TEST : loss 1.9542357921600342 - score 0.9653
2020-04-19 05:48:05,686 BAD EPOCHS (no improvement): 2
2020-04-19 05:48:05,976 ----------------------------------------------------------------------------------------------------
2020-04-19 05:48:09,263 epoch 47 - iter 11/118 - loss 2.73620126 - samples/sec: 107.17
2020-04-19 05:48:12,653 epoch 47 - iter 22/118 - loss 2.80198292 - samples/sec: 104.29
2020-04-19 05:48:15,419 epoch 47 - iter 33/118 - loss 2.92335110 - samples/sec: 127.82
2020-04-19 05:48:18,242 epoch 47 - iter 44/118 - loss 2.88601658 - samples/sec: 125.45
2020-04-19 05:48:21,319 epoch 47 - iter 55/118 - loss 2.86542557 - samples/sec: 114.93
2020-04-19 05:48:25,516 epoch 47 - iter 66/118 - loss 2.85078023 - samples/sec: 84.15
2020-04-19 05:48:29,119 epoch 47 - iter 77/118 - loss 2.87887631 - samples/sec: 98.11
2020-04-19 05:48:33,265 epoch 47 - iter 88/118 - loss 2.89761886 - samples/sec: 85.21
2020-04-19 05:48:36,865 epoch 47 - iter 99/118 - loss 2.89204337 - samples/sec: 98.14
2020-04-19 05:48:40,309 epoch 47 - iter 110/118 - loss 2.89543242 - samples/sec: 102.57
2020-04-19 05:48:43,136 ----------------------------------------------------------------------------------------------------
2020-04-19 05:48:43,136 EPOCH 47 done: loss 2.9077 - lr 0.0039
2020-04-19 05:49:17,981 DEV : loss 1.9564677476882935 - score 0.9654
2020-04-19 05:49:24,191 TEST : loss 1.9564677476882935 - score 0.9654
2020-04-19 05:49:24,257 BAD EPOCHS (no improvement): 3
2020-04-19 05:49:24,493 ----------------------------------------------------------------------------------------------------
2020-04-19 05:49:28,089 epoch 48 - iter 11/118 - loss 2.89995722 - samples/sec: 97.95
2020-04-19 05:49:31,872 epoch 48 - iter 22/118 - loss 2.89532608 - samples/sec: 93.42
2020-04-19 05:49:35,476 epoch 48 - iter 33/118 - loss 2.91737021 - samples/sec: 98.00
2020-04-19 05:49:39,270 epoch 48 - iter 44/118 - loss 2.89650204 - samples/sec: 93.15
2020-04-19 05:49:43,177 epoch 48 - iter 55/118 - loss 2.90909426 - samples/sec: 90.48
2020-04-19 05:49:46,874 epoch 48 - iter 66/118 - loss 2.96239692 - samples/sec: 95.53
2020-04-19 05:49:49,897 epoch 48 - iter 77/118 - loss 2.92411446 - samples/sec: 117.07
2020-04-19 05:49:53,827 epoch 48 - iter 88/118 - loss 2.92835600 - samples/sec: 89.86
2020-04-19 05:49:57,318 epoch 48 - iter 99/118 - loss 2.93452808 - samples/sec: 101.23
2020-04-19 05:50:00,655 epoch 48 - iter 110/118 - loss 2.93439719 - samples/sec: 105.97
2020-04-19 05:50:04,313 ----------------------------------------------------------------------------------------------------
2020-04-19 05:50:04,313 EPOCH 48 done: loss 2.9247 - lr 0.0020
2020-04-19 05:50:38,796 DEV : loss 1.955830454826355 - score 0.9653
2020-04-19 05:50:44,751 TEST : loss 1.955830454826355 - score 0.9653
2020-04-19 05:50:44,861 BAD EPOCHS (no improvement): 1
2020-04-19 05:50:45,201 ----------------------------------------------------------------------------------------------------
2020-04-19 05:50:48,059 epoch 49 - iter 11/118 - loss 2.86952901 - samples/sec: 123.32
2020-04-19 05:50:51,574 epoch 49 - iter 22/118 - loss 2.87554835 - samples/sec: 100.53
2020-04-19 05:50:54,985 epoch 49 - iter 33/118 - loss 2.79285737 - samples/sec: 103.62
2020-04-19 05:50:58,921 epoch 49 - iter 44/118 - loss 2.74525019 - samples/sec: 89.71
2020-04-19 05:51:02,768 epoch 49 - iter 55/118 - loss 2.81874229 - samples/sec: 91.89
2020-04-19 05:51:06,606 epoch 49 - iter 66/118 - loss 2.84713139 - samples/sec: 92.15
2020-04-19 05:51:10,616 epoch 49 - iter 77/118 - loss 2.82805201 - samples/sec: 88.50
2020-04-19 05:51:14,371 epoch 49 - iter 88/118 - loss 2.83854145 - samples/sec: 94.14
2020-04-19 05:51:17,521 epoch 49 - iter 99/118 - loss 2.86406044 - samples/sec: 112.21
2020-04-19 05:51:20,972 epoch 49 - iter 110/118 - loss 2.88801095 - samples/sec: 102.41
2020-04-19 05:51:23,426 ----------------------------------------------------------------------------------------------------
2020-04-19 05:51:23,427 EPOCH 49 done: loss 2.8896 - lr 0.0020
2020-04-19 05:51:55,649 DEV : loss 1.9552310705184937 - score 0.9654
2020-04-19 05:52:03,105 TEST : loss 1.9552310705184937 - score 0.9654
2020-04-19 05:52:03,211 BAD EPOCHS (no improvement): 2
2020-04-19 05:52:03,533 ----------------------------------------------------------------------------------------------------
2020-04-19 05:52:07,255 epoch 50 - iter 11/118 - loss 2.96301976 - samples/sec: 94.65
2020-04-19 05:52:09,940 epoch 50 - iter 22/118 - loss 2.79876719 - samples/sec: 131.69
2020-04-19 05:52:13,528 epoch 50 - iter 33/118 - loss 2.81252601 - samples/sec: 98.59
2020-04-19 05:52:16,982 epoch 50 - iter 44/118 - loss 2.83285346 - samples/sec: 102.28
2020-04-19 05:52:20,454 epoch 50 - iter 55/118 - loss 2.90852700 - samples/sec: 101.72
2020-04-19 05:52:23,352 epoch 50 - iter 66/118 - loss 2.90973712 - samples/sec: 122.18
2020-04-19 05:52:28,498 epoch 50 - iter 77/118 - loss 2.93957297 - samples/sec: 68.57
2020-04-19 05:52:32,949 epoch 50 - iter 88/118 - loss 2.93328464 - samples/sec: 79.37
2020-04-19 05:52:35,695 epoch 50 - iter 99/118 - loss 2.95527809 - samples/sec: 128.76
2020-04-19 05:52:38,929 epoch 50 - iter 110/118 - loss 2.93367773 - samples/sec: 109.31
2020-04-19 05:52:41,064 ----------------------------------------------------------------------------------------------------
2020-04-19 05:52:41,064 EPOCH 50 done: loss 2.9481 - lr 0.0020
2020-04-19 05:53:14,988 DEV : loss 1.9546171426773071 - score 0.9653
2020-04-19 05:53:21,015 TEST : loss 1.9546171426773071 - score 0.9653
2020-04-19 05:53:21,083 BAD EPOCHS (no improvement): 3
2020-04-19 05:53:21,469 ----------------------------------------------------------------------------------------------------
2020-04-19 05:53:21,469 Testing using best model ...
2020-04-19 05:53:21,470 loading file ./best-model.pt
2020-04-19 05:53:28,217 0.9663	0.9663	0.9663
2020-04-19 05:53:28,217 
MICRO_AVG: acc 0.9348 - f1-score 0.9663
MACRO_AVG: acc 0.8464 - f1-score 0.9004705882352941
ADJ        tp: 1025 - fp: 81 - fn: 78 - tn: 1025 - precision: 0.9268 - recall: 0.9293 - accuracy: 0.8657 - f1-score: 0.9280
ADP        tp: 1662 - fp: 61 - fn: 31 - tn: 1662 - precision: 0.9646 - recall: 0.9817 - accuracy: 0.9475 - f1-score: 0.9731
ADV        tp: 500 - fp: 41 - fn: 59 - tn: 500 - precision: 0.9242 - recall: 0.8945 - accuracy: 0.8333 - f1-score: 0.9091
AUX        tp: 668 - fp: 22 - fn: 5 - tn: 668 - precision: 0.9681 - recall: 0.9926 - accuracy: 0.9612 - f1-score: 0.9802
CCONJ      tp: 557 - fp: 2 - fn: 5 - tn: 557 - precision: 0.9964 - recall: 0.9911 - accuracy: 0.9876 - f1-score: 0.9937
DET        tp: 1295 - fp: 9 - fn: 13 - tn: 1295 - precision: 0.9931 - recall: 0.9901 - accuracy: 0.9833 - f1-score: 0.9916
INTJ       tp: 2 - fp: 3 - fn: 0 - tn: 2 - precision: 0.4000 - recall: 1.0000 - accuracy: 0.4000 - f1-score: 0.5714
NOUN       tp: 3025 - fp: 85 - fn: 133 - tn: 3025 - precision: 0.9727 - recall: 0.9579 - accuracy: 0.9328 - f1-score: 0.9652
NUM        tp: 339 - fp: 8 - fn: 3 - tn: 339 - precision: 0.9769 - recall: 0.9912 - accuracy: 0.9686 - f1-score: 0.9840
PART       tp: 312 - fp: 0 - fn: 9 - tn: 312 - precision: 1.0000 - recall: 0.9720 - accuracy: 0.9720 - f1-score: 0.9858
PRON       tp: 925 - fp: 24 - fn: 11 - tn: 925 - precision: 0.9747 - recall: 0.9882 - accuracy: 0.9635 - f1-score: 0.9814
PROPN      tp: 1293 - fp: 114 - fn: 58 - tn: 1293 - precision: 0.9190 - recall: 0.9571 - accuracy: 0.8826 - f1-score: 0.9377
PUNCT      tp: 1986 - fp: 7 - fn: 3 - tn: 1986 - precision: 0.9965 - recall: 0.9985 - accuracy: 0.9950 - f1-score: 0.9975
SCONJ      tp: 234 - fp: 26 - fn: 38 - tn: 234 - precision: 0.9000 - recall: 0.8603 - accuracy: 0.7852 - f1-score: 0.8797
SYM        tp: 22 - fp: 1 - fn: 9 - tn: 22 - precision: 0.9565 - recall: 0.7097 - accuracy: 0.6875 - f1-score: 0.8148
VERB       tp: 1531 - fp: 48 - fn: 60 - tn: 1531 - precision: 0.9696 - recall: 0.9623 - accuracy: 0.9341 - f1-score: 0.9659
X          tp: 11 - fp: 5 - fn: 22 - tn: 11 - precision: 0.6875 - recall: 0.3333 - accuracy: 0.2895 - f1-score: 0.4489
2020-04-19 05:53:28,217 ----------------------------------------------------------------------------------------------------
